<?xml version="1.0" encoding="UTF-8"?>
<!-- Generated by org.testng.reporters.JUnitReportReporter -->
<testsuite hostname="W101PS5LL3" failures="0" tests="1" name="com.amazon.testcases.SearchPageTest" time="26.714" errors="0" timestamp="2024-03-23T00:04:27 IST" skipped="0">
  <testcase classname="com.amazon.testcases.SearchPageTest" name="pagesearchTest" time="26.714"/>
  <system-out/>
</testsuite> <!-- com.amazon.testcases.SearchPageTest -->
