<?xml version="1.0" encoding="UTF-8"?>
<!-- Generated by org.testng.reporters.JUnitReportReporter -->
<testsuite hostname="W101PS5LL3" failures="0" tests="2" name="com.amazon.testcases.SearchPageTest" time="33.965" errors="1" timestamp="2024-03-23T01:27:08 IST" skipped="0">
  <testcase classname="com.amazon.testcases.SearchPageTest" name="tearDown" time="29.730">
    <error type="java.lang.StackOverflowError">
      <![CDATA[java.lang.StackOverflowError
at java.base/java.nio.Buffer.<init>(Buffer.java:245)
at java.base/java.nio.CharBuffer.<init>(CharBuffer.java:288)
at java.base/java.nio.HeapCharBuffer.<init>(HeapCharBuffer.java:78)
at java.base/java.nio.CharBuffer.wrap(CharBuffer.java:408)
at java.base/sun.nio.cs.StreamEncoder.implWrite(StreamEncoder.java:281)
at java.base/sun.nio.cs.StreamEncoder.write(StreamEncoder.java:132)
at java.base/java.io.OutputStreamWriter.write(OutputStreamWriter.java:205)
at java.base/java.io.BufferedWriter.flushBuffer(BufferedWriter.java:120)
at java.base/java.io.PrintStream.writeln(PrintStream.java:722)
at java.base/java.io.PrintStream.println(PrintStream.java:1028)
at com.amazon.util.WebEventListener.onException(WebEventListener.java:56)
at jdk.internal.reflect.GeneratedMethodAccessor1.invoke(Unknown Source)
at java.base/jdk.internal.reflect.DelegatingMethodAccessorImpl.invoke(DelegatingMethodAccessorImpl.java:43)
at java.base/java.lang.reflect.Method.invoke(Method.java:568)
at org.openqa.selenium.support.events.EventFiringWebDriver$1.invoke(EventFiringWebDriver.java:82)
at jdk.proxy2/jdk.proxy2.$Proxy8.onException(Unknown Source)
at org.openqa.selenium.support.events.EventFiringWebDriver$2.invoke(EventFiringWebDriver.java:107)
at jdk.proxy2/jdk.proxy2.$Proxy9.getScreenshotAs(Unknown Source)
at org.openqa.selenium.support.events.EventFiringWebDriver.getScreenshotAs(EventFiringWebDriver.java:288)
at com.amazon.util.TestUtil.takeScreenshotAtEndOfTest(TestUtil.java:26)
at com.amazon.util.WebEventListener.onException(WebEventListener.java:58)
at jdk.internal.reflect.GeneratedMethodAccessor1.invoke(Unknown Source)
at java.base/jdk.internal.reflect.DelegatingMethodAccessorImpl.invoke(DelegatingMethodAccessorImpl.java:43)
at java.base/java.lang.reflect.Method.invoke(Method.java:568)
at org.openqa.selenium.support.events.EventFiringWebDriver$1.invoke(EventFiringWebDriver.java:82)
at jdk.proxy2/jdk.proxy2.$Proxy8.onException(Unknown Source)
at org.openqa.selenium.support.events.EventFiringWebDriver$2.invoke(EventFiringWebDriver.java:107)
at jdk.proxy2/jdk.proxy2.$Proxy9.getScreenshotAs(Unknown Source)
at org.openqa.selenium.support.events.EventFiringWebDriver.getScreenshotAs(EventFiringWebDriver.java:288)
at com.amazon.util.TestUtil.takeScreenshotAtEndOfTest(TestUtil.java:26)
at com.amazon.util.WebEventListener.onException(WebEventListener.java:58)
at jdk.internal.reflect.GeneratedMethodAccessor1.invoke(Unknown Source)
at java.base/jdk.internal.reflect.DelegatingMethodAccessorImpl.invoke(DelegatingMethodAccessorImpl.java:43)
at java.base/java.lang.reflect.Method.invoke(Method.java:568)
at org.openqa.selenium.support.events.EventFiringWebDriver$1.invoke(EventFiringWebDriver.java:82)
at jdk.proxy2/jdk.proxy2.$Proxy8.onException(Unknown Source)
at org.openqa.selenium.support.events.EventFiringWebDriver$2.invoke(EventFiringWebDriver.java:107)
at jdk.proxy2/jdk.proxy2.$Proxy9.getScreenshotAs(Unknown Source)
at org.openqa.selenium.support.events.EventFiringWebDriver.getScreenshotAs(EventFiringWebDriver.java:288)
at com.amazon.util.TestUtil.takeScreenshotAtEndOfTest(TestUtil.java:26)
at com.amazon.util.WebEventListener.onException(WebEventListener.java:58)
at jdk.internal.reflect.GeneratedMethodAccessor1.invoke(Unknown Source)
at java.base/jdk.internal.reflect.DelegatingMethodAccessorImpl.invoke(DelegatingMethodAccessorImpl.java:43)
at java.base/java.lang.reflect.Method.invoke(Method.java:568)
at org.openqa.selenium.support.events.EventFiringWebDriver$1.invoke(EventFiringWebDriver.java:82)
at jdk.proxy2/jdk.proxy2.$Proxy8.onException(Unknown Source)
at org.openqa.selenium.support.events.EventFiringWebDriver$2.invoke(EventFiringWebDriver.java:107)
at jdk.proxy2/jdk.proxy2.$Proxy9.getScreenshotAs(Unknown Source)
at org.openqa.selenium.support.events.EventFiringWebDriver.getScreenshotAs(EventFiringWebDriver.java:288)
at com.amazon.util.TestUtil.takeScreenshotAtEndOfTest(TestUtil.java:26)
at com.amazon.util.WebEventListener.onException(WebEventListener.java:58)
at jdk.internal.reflect.GeneratedMethodAccessor1.invoke(Unknown Source)
at java.base/jdk.internal.reflect.DelegatingMethodAccessorImpl.invoke(DelegatingMethodAccessorImpl.java:43)
at java.base/java.lang.reflect.Method.invoke(Method.java:568)
at org.openqa.selenium.support.events.EventFiringWebDriver$1.invoke(EventFiringWebDriver.java:82)
at jdk.proxy2/jdk.proxy2.$Proxy8.onException(Unknown Source)
at org.openqa.selenium.support.events.EventFiringWebDriver$2.invoke(EventFiringWebDriver.java:107)
at jdk.proxy2/jdk.proxy2.$Proxy9.getScreenshotAs(Unknown Source)
at org.openqa.selenium.support.events.EventFiringWebDriver.getScreenshotAs(EventFiringWebDriver.java:288)
at com.amazon.util.TestUtil.takeScreenshotAtEndOfTest(TestUtil.java:26)
at com.amazon.util.WebEventListener.onException(WebEventListener.java:58)
at jdk.internal.reflect.GeneratedMethodAccessor1.invoke(Unknown Source)
at java.base/jdk.internal.reflect.DelegatingMethodAccessorImpl.invoke(DelegatingMethodAccessorImpl.java:43)
at java.base/java.lang.reflect.Method.invoke(Method.java:568)
at org.openqa.selenium.support.events.EventFiringWebDriver$1.invoke(EventFiringWebDriver.java:82)
at jdk.proxy2/jdk.proxy2.$Proxy8.onException(Unknown Source)
at org.openqa.selenium.support.events.EventFiringWebDriver$2.invoke(EventFiringWebDriver.java:107)
at jdk.proxy2/jdk.proxy2.$Proxy9.getScreenshotAs(Unknown Source)
at org.openqa.selenium.support.events.EventFiringWebDriver.getScreenshotAs(EventFiringWebDriver.java:288)
at com.amazon.util.TestUtil.takeScreenshotAtEndOfTest(TestUtil.java:26)
at com.amazon.util.WebEventListener.onException(WebEventListener.java:58)
at jdk.internal.reflect.GeneratedMethodAccessor1.invoke(Unknown Source)
at java.base/jdk.internal.reflect.DelegatingMethodAccessorImpl.invoke(DelegatingMethodAccessorImpl.java:43)
at java.base/java.lang.reflect.Method.invoke(Method.java:568)
at org.openqa.selenium.support.events.EventFiringWebDriver$1.invoke(EventFiringWebDriver.java:82)
at jdk.proxy2/jdk.proxy2.$Proxy8.onException(Unknown Source)
at org.openqa.selenium.support.events.EventFiringWebDriver$2.invoke(EventFiringWebDriver.java:107)
at jdk.proxy2/jdk.proxy2.$Proxy9.getScreenshotAs(Unknown Source)
at org.openqa.selenium.support.events.EventFiringWebDriver.getScreenshotAs(EventFiringWebDriver.java:288)
at com.amazon.util.TestUtil.takeScreenshotAtEndOfTest(TestUtil.java:26)
at com.amazon.util.WebEventListener.onException(WebEventListener.java:58)
at jdk.internal.reflect.GeneratedMethodAccessor1.invoke(Unknown Source)
at java.base/jdk.internal.reflect.DelegatingMethodAccessorImpl.invoke(DelegatingMethodAccessorImpl.java:43)
at java.base/java.lang.reflect.Method.invoke(Method.java:568)
at org.openqa.selenium.support.events.EventFiringWebDriver$1.invoke(EventFiringWebDriver.java:82)
at jdk.proxy2/jdk.proxy2.$Proxy8.onException(Unknown Source)
at org.openqa.selenium.support.events.EventFiringWebDriver$2.invoke(EventFiringWebDriver.java:107)
at jdk.proxy2/jdk.proxy2.$Proxy9.getScreenshotAs(Unknown Source)
at org.openqa.selenium.support.events.EventFiringWebDriver.getScreenshotAs(EventFiringWebDriver.java:288)
at com.amazon.util.TestUtil.takeScreenshotAtEndOfTest(TestUtil.java:26)
at com.amazon.util.WebEventListener.onException(WebEventListener.java:58)
at jdk.internal.reflect.GeneratedMethodAccessor1.invoke(Unknown Source)
at java.base/jdk.internal.reflect.DelegatingMethodAccessorImpl.invoke(DelegatingMethodAccessorImpl.java:43)
at java.base/java.lang.reflect.Method.invoke(Method.java:568)
at org.openqa.selenium.support.events.EventFiringWebDriver$1.invoke(EventFiringWebDriver.java:82)
at jdk.proxy2/jdk.proxy2.$Proxy8.onException(Unknown Source)
at org.openqa.selenium.support.events.EventFiringWebDriver$2.invoke(EventFiringWebDriver.java:107)
at jdk.proxy2/jdk.proxy2.$Proxy9.getScreenshotAs(Unknown Source)
at org.openqa.selenium.support.events.EventFiringWebDriver.getScreenshotAs(EventFiringWebDriver.java:288)
at com.amazon.util.TestUtil.takeScreenshotAtEndOfTest(TestUtil.java:26)
at com.amazon.util.WebEventListener.onException(WebEventListener.java:58)
at jdk.internal.reflect.GeneratedMethodAccessor1.invoke(Unknown Source)
at java.base/jdk.internal.reflect.DelegatingMethodAccessorImpl.invoke(DelegatingMethodAccessorImpl.java:43)
at java.base/java.lang.reflect.Method.invoke(Method.java:568)
at org.openqa.selenium.support.events.EventFiringWebDriver$1.invoke(EventFiringWebDriver.java:82)
at jdk.proxy2/jdk.proxy2.$Proxy8.onException(Unknown Source)
at org.openqa.selenium.support.events.EventFiringWebDriver$2.invoke(EventFiringWebDriver.java:107)
at jdk.proxy2/jdk.proxy2.$Proxy9.getScreenshotAs(Unknown Source)
at org.openqa.selenium.support.events.EventFiringWebDriver.getScreenshotAs(EventFiringWebDriver.java:288)
at com.amazon.util.TestUtil.takeScreenshotAtEndOfTest(TestUtil.java:26)
at com.amazon.util.WebEventListener.onException(WebEventListener.java:58)
at jdk.internal.reflect.GeneratedMethodAccessor1.invoke(Unknown Source)
at java.base/jdk.internal.reflect.DelegatingMethodAccessorImpl.invoke(DelegatingMethodAccessorImpl.java:43)
at java.base/java.lang.reflect.Method.invoke(Method.java:568)
at org.openqa.selenium.support.events.EventFiringWebDriver$1.invoke(EventFiringWebDriver.java:82)
at jdk.proxy2/jdk.proxy2.$Proxy8.onException(Unknown Source)
at org.openqa.selenium.support.events.EventFiringWebDriver$2.invoke(EventFiringWebDriver.java:107)
at jdk.proxy2/jdk.proxy2.$Proxy9.getScreenshotAs(Unknown Source)
at org.openqa.selenium.support.events.EventFiringWebDriver.getScreenshotAs(EventFiringWebDriver.java:288)
at com.amazon.util.TestUtil.takeScreenshotAtEndOfTest(TestUtil.java:26)
at com.amazon.util.WebEventListener.onException(WebEventListener.java:58)
at jdk.internal.reflect.GeneratedMethodAccessor1.invoke(Unknown Source)
at java.base/jdk.internal.reflect.DelegatingMethodAccessorImpl.invoke(DelegatingMethodAccessorImpl.java:43)
at java.base/java.lang.reflect.Method.invoke(Method.java:568)
at org.openqa.selenium.support.events.EventFiringWebDriver$1.invoke(EventFiringWebDriver.java:82)
at jdk.proxy2/jdk.proxy2.$Proxy8.onException(Unknown Source)
at org.openqa.selenium.support.events.EventFiringWebDriver$2.invoke(EventFiringWebDriver.java:107)
at jdk.proxy2/jdk.proxy2.$Proxy9.getScreenshotAs(Unknown Source)
at org.openqa.selenium.support.events.EventFiringWebDriver.getScreenshotAs(EventFiringWebDriver.java:288)
at com.amazon.util.TestUtil.takeScreenshotAtEndOfTest(TestUtil.java:26)
at com.amazon.util.WebEventListener.onException(WebEventListener.java:58)
at jdk.internal.reflect.GeneratedMethodAccessor1.invoke(Unknown Source)
at java.base/jdk.internal.reflect.DelegatingMethodAccessorImpl.invoke(DelegatingMethodAccessorImpl.java:43)
at java.base/java.lang.reflect.Method.invoke(Method.java:568)
at org.openqa.selenium.support.events.EventFiringWebDriver$1.invoke(EventFiringWebDriver.java:82)
at jdk.proxy2/jdk.proxy2.$Proxy8.onException(Unknown Source)
at org.openqa.selenium.support.events.EventFiringWebDriver$2.invoke(EventFiringWebDriver.java:107)
at jdk.proxy2/jdk.proxy2.$Proxy9.getScreenshotAs(Unknown Source)
at org.openqa.selenium.support.events.EventFiringWebDriver.getScreenshotAs(EventFiringWebDriver.java:288)
at com.amazon.util.TestUtil.takeScreenshotAtEndOfTest(TestUtil.java:26)
at com.amazon.util.WebEventListener.onException(WebEventListener.java:58)
at jdk.internal.reflect.GeneratedMethodAccessor1.invoke(Unknown Source)
at java.base/jdk.internal.reflect.DelegatingMethodAccessorImpl.invoke(DelegatingMethodAccessorImpl.java:43)
at java.base/java.lang.reflect.Method.invoke(Method.java:568)
at org.openqa.selenium.support.events.EventFiringWebDriver$1.invoke(EventFiringWebDriver.java:82)
at jdk.proxy2/jdk.proxy2.$Proxy8.onException(Unknown Source)
at org.openqa.selenium.support.events.EventFiringWebDriver$2.invoke(EventFiringWebDriver.java:107)
at jdk.proxy2/jdk.proxy2.$Proxy9.getScreenshotAs(Unknown Source)
at org.openqa.selenium.support.events.EventFiringWebDriver.getScreenshotAs(EventFiringWebDriver.java:288)
at com.amazon.util.TestUtil.takeScreenshotAtEndOfTest(TestUtil.java:26)
at com.amazon.util.WebEventListener.onException(WebEventListener.java:58)
at jdk.internal.reflect.GeneratedMethodAccessor1.invoke(Unknown Source)
at java.base/jdk.internal.reflect.DelegatingMethodAccessorImpl.invoke(DelegatingMethodAccessorImpl.java:43)
at java.base/java.lang.reflect.Method.invoke(Method.java:568)
at org.openqa.selenium.support.events.EventFiringWebDriver$1.invoke(EventFiringWebDriver.java:82)
at jdk.proxy2/jdk.proxy2.$Proxy8.onException(Unknown Source)
at org.openqa.selenium.support.events.EventFiringWebDriver$2.invoke(EventFiringWebDriver.java:107)
at jdk.proxy2/jdk.proxy2.$Proxy9.getScreenshotAs(Unknown Source)
at org.openqa.selenium.support.events.EventFiringWebDriver.getScreenshotAs(EventFiringWebDriver.java:288)
at com.amazon.util.TestUtil.takeScreenshotAtEndOfTest(TestUtil.java:26)
at com.amazon.util.WebEventListener.onException(WebEventListener.java:58)
at jdk.internal.reflect.GeneratedMethodAccessor1.invoke(Unknown Source)
at java.base/jdk.internal.reflect.DelegatingMethodAccessorImpl.invoke(DelegatingMethodAccessorImpl.java:43)
at java.base/java.lang.reflect.Method.invoke(Method.java:568)
at org.openqa.selenium.support.events.EventFiringWebDriver$1.invoke(EventFiringWebDriver.java:82)
at jdk.proxy2/jdk.proxy2.$Proxy8.onException(Unknown Source)
at org.openqa.selenium.support.events.EventFiringWebDriver$2.invoke(EventFiringWebDriver.java:107)
at jdk.proxy2/jdk.proxy2.$Proxy9.getScreenshotAs(Unknown Source)
at org.openqa.selenium.support.events.EventFiringWebDriver.getScreenshotAs(EventFiringWebDriver.java:288)
at com.amazon.util.TestUtil.takeScreenshotAtEndOfTest(TestUtil.java:26)
at com.amazon.util.WebEventListener.onException(WebEventListener.java:58)
at jdk.internal.reflect.GeneratedMethodAccessor1.invoke(Unknown Source)
at java.base/jdk.internal.reflect.DelegatingMethodAccessorImpl.invoke(DelegatingMethodAccessorImpl.java:43)
at java.base/java.lang.reflect.Method.invoke(Method.java:568)
at org.openqa.selenium.support.events.EventFiringWebDriver$1.invoke(EventFiringWebDriver.java:82)
at jdk.proxy2/jdk.proxy2.$Proxy8.onException(Unknown Source)
at org.openqa.selenium.support.events.EventFiringWebDriver$2.invoke(EventFiringWebDriver.java:107)
at jdk.proxy2/jdk.proxy2.$Proxy9.getScreenshotAs(Unknown Source)
at org.openqa.selenium.support.events.EventFiringWebDriver.getScreenshotAs(EventFiringWebDriver.java:288)
at com.amazon.util.TestUtil.takeScreenshotAtEndOfTest(TestUtil.java:26)
at com.amazon.util.WebEventListener.onException(WebEventListener.java:58)
at jdk.internal.reflect.GeneratedMethodAccessor1.invoke(Unknown Source)
at java.base/jdk.internal.reflect.DelegatingMethodAccessorImpl.invoke(DelegatingMethodAccessorImpl.java:43)
at java.base/java.lang.reflect.Method.invoke(Method.java:568)
at org.openqa.selenium.support.events.EventFiringWebDriver$1.invoke(EventFiringWebDriver.java:82)
at jdk.proxy2/jdk.proxy2.$Proxy8.onException(Unknown Source)
at org.openqa.selenium.support.events.EventFiringWebDriver$2.invoke(EventFiringWebDriver.java:107)
at jdk.proxy2/jdk.proxy2.$Proxy9.getScreenshotAs(Unknown Source)
at org.openqa.selenium.support.events.EventFiringWebDriver.getScreenshotAs(EventFiringWebDriver.java:288)
at com.amazon.util.TestUtil.takeScreenshotAtEndOfTest(TestUtil.java:26)
at com.amazon.util.WebEventListener.onException(WebEventListener.java:58)
at jdk.internal.reflect.GeneratedMethodAccessor1.invoke(Unknown Source)
at java.base/jdk.internal.reflect.DelegatingMethodAccessorImpl.invoke(DelegatingMethodAccessorImpl.java:43)
at java.base/java.lang.reflect.Method.invoke(Method.java:568)
at org.openqa.selenium.support.events.EventFiringWebDriver$1.invoke(EventFiringWebDriver.java:82)
at jdk.proxy2/jdk.proxy2.$Proxy8.onException(Unknown Source)
at org.openqa.selenium.support.events.EventFiringWebDriver$2.invoke(EventFiringWebDriver.java:107)
at jdk.proxy2/jdk.proxy2.$Proxy9.getScreenshotAs(Unknown Source)
at org.openqa.selenium.support.events.EventFiringWebDriver.getScreenshotAs(EventFiringWebDriver.java:288)
at com.amazon.util.TestUtil.takeScreenshotAtEndOfTest(TestUtil.java:26)
at com.amazon.util.WebEventListener.onException(WebEventListener.java:58)
at jdk.internal.reflect.GeneratedMethodAccessor1.invoke(Unknown Source)
at java.base/jdk.internal.reflect.DelegatingMethodAccessorImpl.invoke(DelegatingMethodAccessorImpl.java:43)
at java.base/java.lang.reflect.Method.invoke(Method.java:568)
at org.openqa.selenium.support.events.EventFiringWebDriver$1.invoke(EventFiringWebDriver.java:82)
at jdk.proxy2/jdk.proxy2.$Proxy8.onException(Unknown Source)
at org.openqa.selenium.support.events.EventFiringWebDriver$2.invoke(EventFiringWebDriver.java:107)
at jdk.proxy2/jdk.proxy2.$Proxy9.getScreenshotAs(Unknown Source)
at org.openqa.selenium.support.events.EventFiringWebDriver.getScreenshotAs(EventFiringWebDriver.java:288)
at com.amazon.util.TestUtil.takeScreenshotAtEndOfTest(TestUtil.java:26)
at com.amazon.util.WebEventListener.onException(WebEventListener.java:58)
at jdk.internal.reflect.GeneratedMethodAccessor1.invoke(Unknown Source)
at java.base/jdk.internal.reflect.DelegatingMethodAccessorImpl.invoke(DelegatingMethodAccessorImpl.java:43)
at java.base/java.lang.reflect.Method.invoke(Method.java:568)
at org.openqa.selenium.support.events.EventFiringWebDriver$1.invoke(EventFiringWebDriver.java:82)
at jdk.proxy2/jdk.proxy2.$Proxy8.onException(Unknown Source)
at org.openqa.selenium.support.events.EventFiringWebDriver$2.invoke(EventFiringWebDriver.java:107)
at jdk.proxy2/jdk.proxy2.$Proxy9.getScreenshotAs(Unknown Source)
at org.openqa.selenium.support.events.EventFiringWebDriver.getScreenshotAs(EventFiringWebDriver.java:288)
at com.amazon.util.TestUtil.takeScreenshotAtEndOfTest(TestUtil.java:26)
at com.amazon.util.WebEventListener.onException(WebEventListener.java:58)
at jdk.internal.reflect.GeneratedMethodAccessor1.invoke(Unknown Source)
at java.base/jdk.internal.reflect.DelegatingMethodAccessorImpl.invoke(DelegatingMethodAccessorImpl.java:43)
at java.base/java.lang.reflect.Method.invoke(Method.java:568)
at org.openqa.selenium.support.events.EventFiringWebDriver$1.invoke(EventFiringWebDriver.java:82)
at jdk.proxy2/jdk.proxy2.$Proxy8.onException(Unknown Source)
at org.openqa.selenium.support.events.EventFiringWebDriver$2.invoke(EventFiringWebDriver.java:107)
at jdk.proxy2/jdk.proxy2.$Proxy9.getScreenshotAs(Unknown Source)
at org.openqa.selenium.support.events.EventFiringWebDriver.getScreenshotAs(EventFiringWebDriver.java:288)
at com.amazon.util.TestUtil.takeScreenshotAtEndOfTest(TestUtil.java:26)
at com.amazon.util.WebEventListener.onException(WebEventListener.java:58)
at jdk.internal.reflect.GeneratedMethodAccessor1.invoke(Unknown Source)
at java.base/jdk.internal.reflect.DelegatingMethodAccessorImpl.invoke(DelegatingMethodAccessorImpl.java:43)
at java.base/java.lang.reflect.Method.invoke(Method.java:568)
at org.openqa.selenium.support.events.EventFiringWebDriver$1.invoke(EventFiringWebDriver.java:82)
at jdk.proxy2/jdk.proxy2.$Proxy8.onException(Unknown Source)
at org.openqa.selenium.support.events.EventFiringWebDriver$2.invoke(EventFiringWebDriver.java:107)
at jdk.proxy2/jdk.proxy2.$Proxy9.getScreenshotAs(Unknown Source)
at org.openqa.selenium.support.events.EventFiringWebDriver.getScreenshotAs(EventFiringWebDriver.java:288)
at com.amazon.util.TestUtil.takeScreenshotAtEndOfTest(TestUtil.java:26)
at com.amazon.util.WebEventListener.onException(WebEventListener.java:58)
at jdk.internal.reflect.GeneratedMethodAccessor1.invoke(Unknown Source)
at java.base/jdk.internal.reflect.DelegatingMethodAccessorImpl.invoke(DelegatingMethodAccessorImpl.java:43)
at java.base/java.lang.reflect.Method.invoke(Method.java:568)
at org.openqa.selenium.support.events.EventFiringWebDriver$1.invoke(EventFiringWebDriver.java:82)
at jdk.proxy2/jdk.proxy2.$Proxy8.onException(Unknown Source)
at org.openqa.selenium.support.events.EventFiringWebDriver$2.invoke(EventFiringWebDriver.java:107)
at jdk.proxy2/jdk.proxy2.$Proxy9.getScreenshotAs(Unknown Source)
at org.openqa.selenium.support.events.EventFiringWebDriver.getScreenshotAs(EventFiringWebDriver.java:288)
at com.amazon.util.TestUtil.takeScreenshotAtEndOfTest(TestUtil.java:26)
at com.amazon.util.WebEventListener.onException(WebEventListener.java:58)
at jdk.internal.reflect.GeneratedMethodAccessor1.invoke(Unknown Source)
at java.base/jdk.internal.reflect.DelegatingMethodAccessorImpl.invoke(DelegatingMethodAccessorImpl.java:43)
at java.base/java.lang.reflect.Method.invoke(Method.java:568)
at org.openqa.selenium.support.events.EventFiringWebDriver$1.invoke(EventFiringWebDriver.java:82)
at jdk.proxy2/jdk.proxy2.$Proxy8.onException(Unknown Source)
at org.openqa.selenium.support.events.EventFiringWebDriver$2.invoke(EventFiringWebDriver.java:107)
at jdk.proxy2/jdk.proxy2.$Proxy9.getScreenshotAs(Unknown Source)
at org.openqa.selenium.support.events.EventFiringWebDriver.getScreenshotAs(EventFiringWebDriver.java:288)
at com.amazon.util.TestUtil.takeScreenshotAtEndOfTest(TestUtil.java:26)
at com.amazon.util.WebEventListener.onException(WebEventListener.java:58)
at jdk.internal.reflect.GeneratedMethodAccessor1.invoke(Unknown Source)
at java.base/jdk.internal.reflect.DelegatingMethodAccessorImpl.invoke(DelegatingMethodAccessorImpl.java:43)
at java.base/java.lang.reflect.Method.invoke(Method.java:568)
at org.openqa.selenium.support.events.EventFiringWebDriver$1.invoke(EventFiringWebDriver.java:82)
at jdk.proxy2/jdk.proxy2.$Proxy8.onException(Unknown Source)
at org.openqa.selenium.support.events.EventFiringWebDriver$2.invoke(EventFiringWebDriver.java:107)
at jdk.proxy2/jdk.proxy2.$Proxy9.getScreenshotAs(Unknown Source)
at org.openqa.selenium.support.events.EventFiringWebDriver.getScreenshotAs(EventFiringWebDriver.java:288)
at com.amazon.util.TestUtil.takeScreenshotAtEndOfTest(TestUtil.java:26)
at com.amazon.util.WebEventListener.onException(WebEventListener.java:58)
at jdk.internal.reflect.GeneratedMethodAccessor1.invoke(Unknown Source)
at java.base/jdk.internal.reflect.DelegatingMethodAccessorImpl.invoke(DelegatingMethodAccessorImpl.java:43)
at java.base/java.lang.reflect.Method.invoke(Method.java:568)
at org.openqa.selenium.support.events.EventFiringWebDriver$1.invoke(EventFiringWebDriver.java:82)
at jdk.proxy2/jdk.proxy2.$Proxy8.onException(Unknown Source)
at org.openqa.selenium.support.events.EventFiringWebDriver$2.invoke(EventFiringWebDriver.java:107)
at jdk.proxy2/jdk.proxy2.$Proxy9.getScreenshotAs(Unknown Source)
at org.openqa.selenium.support.events.EventFiringWebDriver.getScreenshotAs(EventFiringWebDriver.java:288)
at com.amazon.util.TestUtil.takeScreenshotAtEndOfTest(TestUtil.java:26)
at com.amazon.util.WebEventListener.onException(WebEventListener.java:58)
at jdk.internal.reflect.GeneratedMethodAccessor1.invoke(Unknown Source)
at java.base/jdk.internal.reflect.DelegatingMethodAccessorImpl.invoke(DelegatingMethodAccessorImpl.java:43)
at java.base/java.lang.reflect.Method.invoke(Method.java:568)
at org.openqa.selenium.support.events.EventFiringWebDriver$1.invoke(EventFiringWebDriver.java:82)
at jdk.proxy2/jdk.proxy2.$Proxy8.onException(Unknown Source)
at org.openqa.selenium.support.events.EventFiringWebDriver$2.invoke(EventFiringWebDriver.java:107)
at jdk.proxy2/jdk.proxy2.$Proxy9.getScreenshotAs(Unknown Source)
at org.openqa.selenium.support.events.EventFiringWebDriver.getScreenshotAs(EventFiringWebDriver.java:288)
at com.amazon.util.TestUtil.takeScreenshotAtEndOfTest(TestUtil.java:26)
at com.amazon.util.WebEventListener.onException(WebEventListener.java:58)
at jdk.internal.reflect.GeneratedMethodAccessor1.invoke(Unknown Source)
at java.base/jdk.internal.reflect.DelegatingMethodAccessorImpl.invoke(DelegatingMethodAccessorImpl.java:43)
at java.base/java.lang.reflect.Method.invoke(Method.java:568)
at org.openqa.selenium.support.events.EventFiringWebDriver$1.invoke(EventFiringWebDriver.java:82)
at jdk.proxy2/jdk.proxy2.$Proxy8.onException(Unknown Source)
at org.openqa.selenium.support.events.EventFiringWebDriver$2.invoke(EventFiringWebDriver.java:107)
at jdk.proxy2/jdk.proxy2.$Proxy9.getScreenshotAs(Unknown Source)
at org.openqa.selenium.support.events.EventFiringWebDriver.getScreenshotAs(EventFiringWebDriver.java:288)
at com.amazon.util.TestUtil.takeScreenshotAtEndOfTest(TestUtil.java:26)
at com.amazon.util.WebEventListener.onException(WebEventListener.java:58)
at jdk.internal.reflect.GeneratedMethodAccessor1.invoke(Unknown Source)
at java.base/jdk.internal.reflect.DelegatingMethodAccessorImpl.invoke(DelegatingMethodAccessorImpl.java:43)
at java.base/java.lang.reflect.Method.invoke(Method.java:568)
at org.openqa.selenium.support.events.EventFiringWebDriver$1.invoke(EventFiringWebDriver.java:82)
at jdk.proxy2/jdk.proxy2.$Proxy8.onException(Unknown Source)
at org.openqa.selenium.support.events.EventFiringWebDriver$2.invoke(EventFiringWebDriver.java:107)
at jdk.proxy2/jdk.proxy2.$Proxy9.getScreenshotAs(Unknown Source)
at org.openqa.selenium.support.events.EventFiringWebDriver.getScreenshotAs(EventFiringWebDriver.java:288)
at com.amazon.util.TestUtil.takeScreenshotAtEndOfTest(TestUtil.java:26)
at com.amazon.util.WebEventListener.onException(WebEventListener.java:58)
at jdk.internal.reflect.GeneratedMethodAccessor1.invoke(Unknown Source)
at java.base/jdk.internal.reflect.DelegatingMethodAccessorImpl.invoke(DelegatingMethodAccessorImpl.java:43)
at java.base/java.lang.reflect.Method.invoke(Method.java:568)
at org.openqa.selenium.support.events.EventFiringWebDriver$1.invoke(EventFiringWebDriver.java:82)
at jdk.proxy2/jdk.proxy2.$Proxy8.onException(Unknown Source)
at org.openqa.selenium.support.events.EventFiringWebDriver$2.invoke(EventFiringWebDriver.java:107)
at jdk.proxy2/jdk.proxy2.$Proxy9.getScreenshotAs(Unknown Source)
at org.openqa.selenium.support.events.EventFiringWebDriver.getScreenshotAs(EventFiringWebDriver.java:288)
at com.amazon.util.TestUtil.takeScreenshotAtEndOfTest(TestUtil.java:26)
at com.amazon.util.WebEventListener.onException(WebEventListener.java:58)
at jdk.internal.reflect.GeneratedMethodAccessor1.invoke(Unknown Source)
at java.base/jdk.internal.reflect.DelegatingMethodAccessorImpl.invoke(DelegatingMethodAccessorImpl.java:43)
at java.base/java.lang.reflect.Method.invoke(Method.java:568)
at org.openqa.selenium.support.events.EventFiringWebDriver$1.invoke(EventFiringWebDriver.java:82)
at jdk.proxy2/jdk.proxy2.$Proxy8.onException(Unknown Source)
at org.openqa.selenium.support.events.EventFiringWebDriver$2.invoke(EventFiringWebDriver.java:107)
at jdk.proxy2/jdk.proxy2.$Proxy9.getScreenshotAs(Unknown Source)
at org.openqa.selenium.support.events.EventFiringWebDriver.getScreenshotAs(EventFiringWebDriver.java:288)
at com.amazon.util.TestUtil.takeScreenshotAtEndOfTest(TestUtil.java:26)
at com.amazon.util.WebEventListener.onException(WebEventListener.java:58)
at jdk.internal.reflect.GeneratedMethodAccessor1.invoke(Unknown Source)
at java.base/jdk.internal.reflect.DelegatingMethodAccessorImpl.invoke(DelegatingMethodAccessorImpl.java:43)
at java.base/java.lang.reflect.Method.invoke(Method.java:568)
at org.openqa.selenium.support.events.EventFiringWebDriver$1.invoke(EventFiringWebDriver.java:82)
at jdk.proxy2/jdk.proxy2.$Proxy8.onException(Unknown Source)
at org.openqa.selenium.support.events.EventFiringWebDriver$2.invoke(EventFiringWebDriver.java:107)
at jdk.proxy2/jdk.proxy2.$Proxy9.getScreenshotAs(Unknown Source)
at org.openqa.selenium.support.events.EventFiringWebDriver.getScreenshotAs(EventFiringWebDriver.java:288)
at com.amazon.util.TestUtil.takeScreenshotAtEndOfTest(TestUtil.java:26)
at com.amazon.util.WebEventListener.onException(WebEventListener.java:58)
at jdk.internal.reflect.GeneratedMethodAccessor1.invoke(Unknown Source)
at java.base/jdk.internal.reflect.DelegatingMethodAccessorImpl.invoke(DelegatingMethodAccessorImpl.java:43)
at java.base/java.lang.reflect.Method.invoke(Method.java:568)
at org.openqa.selenium.support.events.EventFiringWebDriver$1.invoke(EventFiringWebDriver.java:82)
at jdk.proxy2/jdk.proxy2.$Proxy8.onException(Unknown Source)
at org.openqa.selenium.support.events.EventFiringWebDriver$2.invoke(EventFiringWebDriver.java:107)
at jdk.proxy2/jdk.proxy2.$Proxy9.getScreenshotAs(Unknown Source)
at org.openqa.selenium.support.events.EventFiringWebDriver.getScreenshotAs(EventFiringWebDriver.java:288)
at com.amazon.util.TestUtil.takeScreenshotAtEndOfTest(TestUtil.java:26)
at com.amazon.util.WebEventListener.onException(WebEventListener.java:58)
at jdk.internal.reflect.GeneratedMethodAccessor1.invoke(Unknown Source)
at java.base/jdk.internal.reflect.DelegatingMethodAccessorImpl.invoke(DelegatingMethodAccessorImpl.java:43)
at java.base/java.lang.reflect.Method.invoke(Method.java:568)
at org.openqa.selenium.support.events.EventFiringWebDriver$1.invoke(EventFiringWebDriver.java:82)
at jdk.proxy2/jdk.proxy2.$Proxy8.onException(Unknown Source)
at org.openqa.selenium.support.events.EventFiringWebDriver$2.invoke(EventFiringWebDriver.java:107)
at jdk.proxy2/jdk.proxy2.$Proxy9.getScreenshotAs(Unknown Source)
at org.openqa.selenium.support.events.EventFiringWebDriver.getScreenshotAs(EventFiringWebDriver.java:288)
at com.amazon.util.TestUtil.takeScreenshotAtEndOfTest(TestUtil.java:26)
at com.amazon.util.WebEventListener.onException(WebEventListener.java:58)
at jdk.internal.reflect.GeneratedMethodAccessor1.invoke(Unknown Source)
at java.base/jdk.internal.reflect.DelegatingMethodAccessorImpl.invoke(DelegatingMethodAccessorImpl.java:43)
at java.base/java.lang.reflect.Method.invoke(Method.java:568)
at org.openqa.selenium.support.events.EventFiringWebDriver$1.invoke(EventFiringWebDriver.java:82)
at jdk.proxy2/jdk.proxy2.$Proxy8.onException(Unknown Source)
at org.openqa.selenium.support.events.EventFiringWebDriver$2.invoke(EventFiringWebDriver.java:107)
at jdk.proxy2/jdk.proxy2.$Proxy9.getScreenshotAs(Unknown Source)
at org.openqa.selenium.support.events.EventFiringWebDriver.getScreenshotAs(EventFiringWebDriver.java:288)
at com.amazon.util.TestUtil.takeScreenshotAtEndOfTest(TestUtil.java:26)
at com.amazon.util.WebEventListener.onException(WebEventListener.java:58)
at jdk.internal.reflect.GeneratedMethodAccessor1.invoke(Unknown Source)
at java.base/jdk.internal.reflect.DelegatingMethodAccessorImpl.invoke(DelegatingMethodAccessorImpl.java:43)
at java.base/java.lang.reflect.Method.invoke(Method.java:568)
at org.openqa.selenium.support.events.EventFiringWebDriver$1.invoke(EventFiringWebDriver.java:82)
at jdk.proxy2/jdk.proxy2.$Proxy8.onException(Unknown Source)
at org.openqa.selenium.support.events.EventFiringWebDriver$2.invoke(EventFiringWebDriver.java:107)
at jdk.proxy2/jdk.proxy2.$Proxy9.getScreenshotAs(Unknown Source)
at org.openqa.selenium.support.events.EventFiringWebDriver.getScreenshotAs(EventFiringWebDriver.java:288)
at com.amazon.util.TestUtil.takeScreenshotAtEndOfTest(TestUtil.java:26)
at com.amazon.util.WebEventListener.onException(WebEventListener.java:58)
at jdk.internal.reflect.GeneratedMethodAccessor1.invoke(Unknown Source)
at java.base/jdk.internal.reflect.DelegatingMethodAccessorImpl.invoke(DelegatingMethodAccessorImpl.java:43)
at java.base/java.lang.reflect.Method.invoke(Method.java:568)
at org.openqa.selenium.support.events.EventFiringWebDriver$1.invoke(EventFiringWebDriver.java:82)
at jdk.proxy2/jdk.proxy2.$Proxy8.onException(Unknown Source)
at org.openqa.selenium.support.events.EventFiringWebDriver$2.invoke(EventFiringWebDriver.java:107)
at jdk.proxy2/jdk.proxy2.$Proxy9.getScreenshotAs(Unknown Source)
at org.openqa.selenium.support.events.EventFiringWebDriver.getScreenshotAs(EventFiringWebDriver.java:288)
at com.amazon.util.TestUtil.takeScreenshotAtEndOfTest(TestUtil.java:26)
at com.amazon.util.WebEventListener.onException(WebEventListener.java:58)
at jdk.internal.reflect.GeneratedMethodAccessor1.invoke(Unknown Source)
at java.base/jdk.internal.reflect.DelegatingMethodAccessorImpl.invoke(DelegatingMethodAccessorImpl.java:43)
at java.base/java.lang.reflect.Method.invoke(Method.java:568)
at org.openqa.selenium.support.events.EventFiringWebDriver$1.invoke(EventFiringWebDriver.java:82)
at jdk.proxy2/jdk.proxy2.$Proxy8.onException(Unknown Source)
at org.openqa.selenium.support.events.EventFiringWebDriver$2.invoke(EventFiringWebDriver.java:107)
at jdk.proxy2/jdk.proxy2.$Proxy9.getScreenshotAs(Unknown Source)
at org.openqa.selenium.support.events.EventFiringWebDriver.getScreenshotAs(EventFiringWebDriver.java:288)
at com.amazon.util.TestUtil.takeScreenshotAtEndOfTest(TestUtil.java:26)
at com.amazon.util.WebEventListener.onException(WebEventListener.java:58)
at jdk.internal.reflect.GeneratedMethodAccessor1.invoke(Unknown Source)
at java.base/jdk.internal.reflect.DelegatingMethodAccessorImpl.invoke(DelegatingMethodAccessorImpl.java:43)
at java.base/java.lang.reflect.Method.invoke(Method.java:568)
at org.openqa.selenium.support.events.EventFiringWebDriver$1.invoke(EventFiringWebDriver.java:82)
at jdk.proxy2/jdk.proxy2.$Proxy8.onException(Unknown Source)
at org.openqa.selenium.support.events.EventFiringWebDriver$2.invoke(EventFiringWebDriver.java:107)
at jdk.proxy2/jdk.proxy2.$Proxy9.getScreenshotAs(Unknown Source)
at org.openqa.selenium.support.events.EventFiringWebDriver.getScreenshotAs(EventFiringWebDriver.java:288)
at com.amazon.util.TestUtil.takeScreenshotAtEndOfTest(TestUtil.java:26)
at com.amazon.util.WebEventListener.onException(WebEventListener.java:58)
at jdk.internal.reflect.GeneratedMethodAccessor1.invoke(Unknown Source)
at java.base/jdk.internal.reflect.DelegatingMethodAccessorImpl.invoke(DelegatingMethodAccessorImpl.java:43)
at java.base/java.lang.reflect.Method.invoke(Method.java:568)
at org.openqa.selenium.support.events.EventFiringWebDriver$1.invoke(EventFiringWebDriver.java:82)
at jdk.proxy2/jdk.proxy2.$Proxy8.onException(Unknown Source)
at org.openqa.selenium.support.events.EventFiringWebDriver$2.invoke(EventFiringWebDriver.java:107)
at jdk.proxy2/jdk.proxy2.$Proxy9.getScreenshotAs(Unknown Source)
at org.openqa.selenium.support.events.EventFiringWebDriver.getScreenshotAs(EventFiringWebDriver.java:288)
at com.amazon.util.TestUtil.takeScreenshotAtEndOfTest(TestUtil.java:26)
at com.amazon.util.WebEventListener.onException(WebEventListener.java:58)
at jdk.internal.reflect.GeneratedMethodAccessor1.invoke(Unknown Source)
at java.base/jdk.internal.reflect.DelegatingMethodAccessorImpl.invoke(DelegatingMethodAccessorImpl.java:43)
at java.base/java.lang.reflect.Method.invoke(Method.java:568)
at org.openqa.selenium.support.events.EventFiringWebDriver$1.invoke(EventFiringWebDriver.java:82)
at jdk.proxy2/jdk.proxy2.$Proxy8.onException(Unknown Source)
at org.openqa.selenium.support.events.EventFiringWebDriver$2.invoke(EventFiringWebDriver.java:107)
at jdk.proxy2/jdk.proxy2.$Proxy9.getScreenshotAs(Unknown Source)
at org.openqa.selenium.support.events.EventFiringWebDriver.getScreenshotAs(EventFiringWebDriver.java:288)
at com.amazon.util.TestUtil.takeScreenshotAtEndOfTest(TestUtil.java:26)
at com.amazon.util.WebEventListener.onException(WebEventListener.java:58)
at jdk.internal.reflect.GeneratedMethodAccessor1.invoke(Unknown Source)
at java.base/jdk.internal.reflect.DelegatingMethodAccessorImpl.invoke(DelegatingMethodAccessorImpl.java:43)
at java.base/java.lang.reflect.Method.invoke(Method.java:568)
at org.openqa.selenium.support.events.EventFiringWebDriver$1.invoke(EventFiringWebDriver.java:82)
at jdk.proxy2/jdk.proxy2.$Proxy8.onException(Unknown Source)
at org.openqa.selenium.support.events.EventFiringWebDriver$2.invoke(EventFiringWebDriver.java:107)
at jdk.proxy2/jdk.proxy2.$Proxy9.getScreenshotAs(Unknown Source)
at org.openqa.selenium.support.events.EventFiringWebDriver.getScreenshotAs(EventFiringWebDriver.java:288)
at com.amazon.util.TestUtil.takeScreenshotAtEndOfTest(TestUtil.java:26)
at com.amazon.util.WebEventListener.onException(WebEventListener.java:58)
at jdk.internal.reflect.GeneratedMethodAccessor1.invoke(Unknown Source)
at java.base/jdk.internal.reflect.DelegatingMethodAccessorImpl.invoke(DelegatingMethodAccessorImpl.java:43)
at java.base/java.lang.reflect.Method.invoke(Method.java:568)
at org.openqa.selenium.support.events.EventFiringWebDriver$1.invoke(EventFiringWebDriver.java:82)
at jdk.proxy2/jdk.proxy2.$Proxy8.onException(Unknown Source)
at org.openqa.selenium.support.events.EventFiringWebDriver$2.invoke(EventFiringWebDriver.java:107)
at jdk.proxy2/jdk.proxy2.$Proxy9.getScreenshotAs(Unknown Source)
at org.openqa.selenium.support.events.EventFiringWebDriver.getScreenshotAs(EventFiringWebDriver.java:288)
at com.amazon.util.TestUtil.takeScreenshotAtEndOfTest(TestUtil.java:26)
at com.amazon.util.WebEventListener.onException(WebEventListener.java:58)
at jdk.internal.reflect.GeneratedMethodAccessor1.invoke(Unknown Source)
at java.base/jdk.internal.reflect.DelegatingMethodAccessorImpl.invoke(DelegatingMethodAccessorImpl.java:43)
at java.base/java.lang.reflect.Method.invoke(Method.java:568)
at org.openqa.selenium.support.events.EventFiringWebDriver$1.invoke(EventFiringWebDriver.java:82)
at jdk.proxy2/jdk.proxy2.$Proxy8.onException(Unknown Source)
at org.openqa.selenium.support.events.EventFiringWebDriver$2.invoke(EventFiringWebDriver.java:107)
at jdk.proxy2/jdk.proxy2.$Proxy9.getScreenshotAs(Unknown Source)
at org.openqa.selenium.support.events.EventFiringWebDriver.getScreenshotAs(EventFiringWebDriver.java:288)
at com.amazon.util.TestUtil.takeScreenshotAtEndOfTest(TestUtil.java:26)
at com.amazon.util.WebEventListener.onException(WebEventListener.java:58)
at jdk.internal.reflect.GeneratedMethodAccessor1.invoke(Unknown Source)
at java.base/jdk.internal.reflect.DelegatingMethodAccessorImpl.invoke(DelegatingMethodAccessorImpl.java:43)
at java.base/java.lang.reflect.Method.invoke(Method.java:568)
at org.openqa.selenium.support.events.EventFiringWebDriver$1.invoke(EventFiringWebDriver.java:82)
at jdk.proxy2/jdk.proxy2.$Proxy8.onException(Unknown Source)
at org.openqa.selenium.support.events.EventFiringWebDriver$2.invoke(EventFiringWebDriver.java:107)
at jdk.proxy2/jdk.proxy2.$Proxy9.getScreenshotAs(Unknown Source)
at org.openqa.selenium.support.events.EventFiringWebDriver.getScreenshotAs(EventFiringWebDriver.java:288)
at com.amazon.util.TestUtil.takeScreenshotAtEndOfTest(TestUtil.java:26)
at com.amazon.util.WebEventListener.onException(WebEventListener.java:58)
at jdk.internal.reflect.GeneratedMethodAccessor1.invoke(Unknown Source)
at java.base/jdk.internal.reflect.DelegatingMethodAccessorImpl.invoke(DelegatingMethodAccessorImpl.java:43)
at java.base/java.lang.reflect.Method.invoke(Method.java:568)
at org.openqa.selenium.support.events.EventFiringWebDriver$1.invoke(EventFiringWebDriver.java:82)
at jdk.proxy2/jdk.proxy2.$Proxy8.onException(Unknown Source)
at org.openqa.selenium.support.events.EventFiringWebDriver$2.invoke(EventFiringWebDriver.java:107)
at jdk.proxy2/jdk.proxy2.$Proxy9.getScreenshotAs(Unknown Source)
at org.openqa.selenium.support.events.EventFiringWebDriver.getScreenshotAs(EventFiringWebDriver.java:288)
at com.amazon.util.TestUtil.takeScreenshotAtEndOfTest(TestUtil.java:26)
at com.amazon.util.WebEventListener.onException(WebEventListener.java:58)
at jdk.internal.reflect.GeneratedMethodAccessor1.invoke(Unknown Source)
at java.base/jdk.internal.reflect.DelegatingMethodAccessorImpl.invoke(DelegatingMethodAccessorImpl.java:43)
at java.base/java.lang.reflect.Method.invoke(Method.java:568)
at org.openqa.selenium.support.events.EventFiringWebDriver$1.invoke(EventFiringWebDriver.java:82)
at jdk.proxy2/jdk.proxy2.$Proxy8.onException(Unknown Source)
at org.openqa.selenium.support.events.EventFiringWebDriver$2.invoke(EventFiringWebDriver.java:107)
at jdk.proxy2/jdk.proxy2.$Proxy9.getScreenshotAs(Unknown Source)
at org.openqa.selenium.support.events.EventFiringWebDriver.getScreenshotAs(EventFiringWebDriver.java:288)
at com.amazon.util.TestUtil.takeScreenshotAtEndOfTest(TestUtil.java:26)
at com.amazon.util.WebEventListener.onException(WebEventListener.java:58)
at jdk.internal.reflect.GeneratedMethodAccessor1.invoke(Unknown Source)
at java.base/jdk.internal.reflect.DelegatingMethodAccessorImpl.invoke(DelegatingMethodAccessorImpl.java:43)
at java.base/java.lang.reflect.Method.invoke(Method.java:568)
at org.openqa.selenium.support.events.EventFiringWebDriver$1.invoke(EventFiringWebDriver.java:82)
at jdk.proxy2/jdk.proxy2.$Proxy8.onException(Unknown Source)
at org.openqa.selenium.support.events.EventFiringWebDriver$2.invoke(EventFiringWebDriver.java:107)
at jdk.proxy2/jdk.proxy2.$Proxy9.getScreenshotAs(Unknown Source)
at org.openqa.selenium.support.events.EventFiringWebDriver.getScreenshotAs(EventFiringWebDriver.java:288)
at com.amazon.util.TestUtil.takeScreenshotAtEndOfTest(TestUtil.java:26)
at com.amazon.util.WebEventListener.onException(WebEventListener.java:58)
at jdk.internal.reflect.GeneratedMethodAccessor1.invoke(Unknown Source)
at java.base/jdk.internal.reflect.DelegatingMethodAccessorImpl.invoke(DelegatingMethodAccessorImpl.java:43)
at java.base/java.lang.reflect.Method.invoke(Method.java:568)
at org.openqa.selenium.support.events.EventFiringWebDriver$1.invoke(EventFiringWebDriver.java:82)
at jdk.proxy2/jdk.proxy2.$Proxy8.onException(Unknown Source)
at org.openqa.selenium.support.events.EventFiringWebDriver$2.invoke(EventFiringWebDriver.java:107)
at jdk.proxy2/jdk.proxy2.$Proxy9.getScreenshotAs(Unknown Source)
at org.openqa.selenium.support.events.EventFiringWebDriver.getScreenshotAs(EventFiringWebDriver.java:288)
at com.amazon.util.TestUtil.takeScreenshotAtEndOfTest(TestUtil.java:26)
at com.amazon.util.WebEventListener.onException(WebEventListener.java:58)
at jdk.internal.reflect.GeneratedMethodAccessor1.invoke(Unknown Source)
at java.base/jdk.internal.reflect.DelegatingMethodAccessorImpl.invoke(DelegatingMethodAccessorImpl.java:43)
at java.base/java.lang.reflect.Method.invoke(Method.java:568)
at org.openqa.selenium.support.events.EventFiringWebDriver$1.invoke(EventFiringWebDriver.java:82)
at jdk.proxy2/jdk.proxy2.$Proxy8.onException(Unknown Source)
at org.openqa.selenium.support.events.EventFiringWebDriver$2.invoke(EventFiringWebDriver.java:107)
at jdk.proxy2/jdk.proxy2.$Proxy9.getScreenshotAs(Unknown Source)
at org.openqa.selenium.support.events.EventFiringWebDriver.getScreenshotAs(EventFiringWebDriver.java:288)
at com.amazon.util.TestUtil.takeScreenshotAtEndOfTest(TestUtil.java:26)
at com.amazon.util.WebEventListener.onException(WebEventListener.java:58)
at jdk.internal.reflect.GeneratedMethodAccessor1.invoke(Unknown Source)
at java.base/jdk.internal.reflect.DelegatingMethodAccessorImpl.invoke(DelegatingMethodAccessorImpl.java:43)
at java.base/java.lang.reflect.Method.invoke(Method.java:568)
at org.openqa.selenium.support.events.EventFiringWebDriver$1.invoke(EventFiringWebDriver.java:82)
at jdk.proxy2/jdk.proxy2.$Proxy8.onException(Unknown Source)
at org.openqa.selenium.support.events.EventFiringWebDriver$2.invoke(EventFiringWebDriver.java:107)
at jdk.proxy2/jdk.proxy2.$Proxy9.getScreenshotAs(Unknown Source)
at org.openqa.selenium.support.events.EventFiringWebDriver.getScreenshotAs(EventFiringWebDriver.java:288)
at com.amazon.util.TestUtil.takeScreenshotAtEndOfTest(TestUtil.java:26)
at com.amazon.util.WebEventListener.onException(WebEventListener.java:58)
at jdk.internal.reflect.GeneratedMethodAccessor1.invoke(Unknown Source)
at java.base/jdk.internal.reflect.DelegatingMethodAccessorImpl.invoke(DelegatingMethodAccessorImpl.java:43)
at java.base/java.lang.reflect.Method.invoke(Method.java:568)
at org.openqa.selenium.support.events.EventFiringWebDriver$1.invoke(EventFiringWebDriver.java:82)
at jdk.proxy2/jdk.proxy2.$Proxy8.onException(Unknown Source)
at org.openqa.selenium.support.events.EventFiringWebDriver$2.invoke(EventFiringWebDriver.java:107)
at jdk.proxy2/jdk.proxy2.$Proxy9.getScreenshotAs(Unknown Source)
at org.openqa.selenium.support.events.EventFiringWebDriver.getScreenshotAs(EventFiringWebDriver.java:288)
at com.amazon.util.TestUtil.takeScreenshotAtEndOfTest(TestUtil.java:26)
at com.amazon.util.WebEventListener.onException(WebEventListener.java:58)
at jdk.internal.reflect.GeneratedMethodAccessor1.invoke(Unknown Source)
at java.base/jdk.internal.reflect.DelegatingMethodAccessorImpl.invoke(DelegatingMethodAccessorImpl.java:43)
at java.base/java.lang.reflect.Method.invoke(Method.java:568)
at org.openqa.selenium.support.events.EventFiringWebDriver$1.invoke(EventFiringWebDriver.java:82)
at jdk.proxy2/jdk.proxy2.$Proxy8.onException(Unknown Source)
at org.openqa.selenium.support.events.EventFiringWebDriver$2.invoke(EventFiringWebDriver.java:107)
at jdk.proxy2/jdk.proxy2.$Proxy9.getScreenshotAs(Unknown Source)
at org.openqa.selenium.support.events.EventFiringWebDriver.getScreenshotAs(EventFiringWebDriver.java:288)
at com.amazon.util.TestUtil.takeScreenshotAtEndOfTest(TestUtil.java:26)
at com.amazon.util.WebEventListener.onException(WebEventListener.java:58)
at jdk.internal.reflect.GeneratedMethodAccessor1.invoke(Unknown Source)
at java.base/jdk.internal.reflect.DelegatingMethodAccessorImpl.invoke(DelegatingMethodAccessorImpl.java:43)
at java.base/java.lang.reflect.Method.invoke(Method.java:568)
at org.openqa.selenium.support.events.EventFiringWebDriver$1.invoke(EventFiringWebDriver.java:82)
at jdk.proxy2/jdk.proxy2.$Proxy8.onException(Unknown Source)
at org.openqa.selenium.support.events.EventFiringWebDriver$2.invoke(EventFiringWebDriver.java:107)
at jdk.proxy2/jdk.proxy2.$Proxy9.getScreenshotAs(Unknown Source)
at org.openqa.selenium.support.events.EventFiringWebDriver.getScreenshotAs(EventFiringWebDriver.java:288)
at com.amazon.util.TestUtil.takeScreenshotAtEndOfTest(TestUtil.java:26)
at com.amazon.util.WebEventListener.onException(WebEventListener.java:58)
at jdk.internal.reflect.GeneratedMethodAccessor1.invoke(Unknown Source)
at java.base/jdk.internal.reflect.DelegatingMethodAccessorImpl.invoke(DelegatingMethodAccessorImpl.java:43)
at java.base/java.lang.reflect.Method.invoke(Method.java:568)
at org.openqa.selenium.support.events.EventFiringWebDriver$1.invoke(EventFiringWebDriver.java:82)
at jdk.proxy2/jdk.proxy2.$Proxy8.onException(Unknown Source)
at org.openqa.selenium.support.events.EventFiringWebDriver$2.invoke(EventFiringWebDriver.java:107)
at jdk.proxy2/jdk.proxy2.$Proxy9.getScreenshotAs(Unknown Source)
at org.openqa.selenium.support.events.EventFiringWebDriver.getScreenshotAs(EventFiringWebDriver.java:288)
at com.amazon.util.TestUtil.takeScreenshotAtEndOfTest(TestUtil.java:26)
at com.amazon.util.WebEventListener.onException(WebEventListener.java:58)
at jdk.internal.reflect.GeneratedMethodAccessor1.invoke(Unknown Source)
at java.base/jdk.internal.reflect.DelegatingMethodAccessorImpl.invoke(DelegatingMethodAccessorImpl.java:43)
at java.base/java.lang.reflect.Method.invoke(Method.java:568)
at org.openqa.selenium.support.events.EventFiringWebDriver$1.invoke(EventFiringWebDriver.java:82)
at jdk.proxy2/jdk.proxy2.$Proxy8.onException(Unknown Source)
at org.openqa.selenium.support.events.EventFiringWebDriver$2.invoke(EventFiringWebDriver.java:107)
at jdk.proxy2/jdk.proxy2.$Proxy9.getScreenshotAs(Unknown Source)
at org.openqa.selenium.support.events.EventFiringWebDriver.getScreenshotAs(EventFiringWebDriver.java:288)
at com.amazon.util.TestUtil.takeScreenshotAtEndOfTest(TestUtil.java:26)
at com.amazon.util.WebEventListener.onException(WebEventListener.java:58)
at jdk.internal.reflect.GeneratedMethodAccessor1.invoke(Unknown Source)
at java.base/jdk.internal.reflect.DelegatingMethodAccessorImpl.invoke(DelegatingMethodAccessorImpl.java:43)
at java.base/java.lang.reflect.Method.invoke(Method.java:568)
at org.openqa.selenium.support.events.EventFiringWebDriver$1.invoke(EventFiringWebDriver.java:82)
at jdk.proxy2/jdk.proxy2.$Proxy8.onException(Unknown Source)
at org.openqa.selenium.support.events.EventFiringWebDriver$2.invoke(EventFiringWebDriver.java:107)
at jdk.proxy2/jdk.proxy2.$Proxy9.getScreenshotAs(Unknown Source)
at org.openqa.selenium.support.events.EventFiringWebDriver.getScreenshotAs(EventFiringWebDriver.java:288)
at com.amazon.util.TestUtil.takeScreenshotAtEndOfTest(TestUtil.java:26)
at com.amazon.util.WebEventListener.onException(WebEventListener.java:58)
at jdk.internal.reflect.GeneratedMethodAccessor1.invoke(Unknown Source)
at java.base/jdk.internal.reflect.DelegatingMethodAccessorImpl.invoke(DelegatingMethodAccessorImpl.java:43)
at java.base/java.lang.reflect.Method.invoke(Method.java:568)
at org.openqa.selenium.support.events.EventFiringWebDriver$1.invoke(EventFiringWebDriver.java:82)
at jdk.proxy2/jdk.proxy2.$Proxy8.onException(Unknown Source)
at org.openqa.selenium.support.events.EventFiringWebDriver$2.invoke(EventFiringWebDriver.java:107)
at jdk.proxy2/jdk.proxy2.$Proxy9.getScreenshotAs(Unknown Source)
at org.openqa.selenium.support.events.EventFiringWebDriver.getScreenshotAs(EventFiringWebDriver.java:288)
at com.amazon.util.TestUtil.takeScreenshotAtEndOfTest(TestUtil.java:26)
at com.amazon.util.WebEventListener.onException(WebEventListener.java:58)
at jdk.internal.reflect.GeneratedMethodAccessor1.invoke(Unknown Source)
at java.base/jdk.internal.reflect.DelegatingMethodAccessorImpl.invoke(DelegatingMethodAccessorImpl.java:43)
at java.base/java.lang.reflect.Method.invoke(Method.java:568)
at org.openqa.selenium.support.events.EventFiringWebDriver$1.invoke(EventFiringWebDriver.java:82)
at jdk.proxy2/jdk.proxy2.$Proxy8.onException(Unknown Source)
at org.openqa.selenium.support.events.EventFiringWebDriver$2.invoke(EventFiringWebDriver.java:107)
at jdk.proxy2/jdk.proxy2.$Proxy9.getScreenshotAs(Unknown Source)
at org.openqa.selenium.support.events.EventFiringWebDriver.getScreenshotAs(EventFiringWebDriver.java:288)
at com.amazon.util.TestUtil.takeScreenshotAtEndOfTest(TestUtil.java:26)
at com.amazon.util.WebEventListener.onException(WebEventListener.java:58)
at jdk.internal.reflect.GeneratedMethodAccessor1.invoke(Unknown Source)
at java.base/jdk.internal.reflect.DelegatingMethodAccessorImpl.invoke(DelegatingMethodAccessorImpl.java:43)
at java.base/java.lang.reflect.Method.invoke(Method.java:568)
at org.openqa.selenium.support.events.EventFiringWebDriver$1.invoke(EventFiringWebDriver.java:82)
at jdk.proxy2/jdk.proxy2.$Proxy8.onException(Unknown Source)
at org.openqa.selenium.support.events.EventFiringWebDriver$2.invoke(EventFiringWebDriver.java:107)
at jdk.proxy2/jdk.proxy2.$Proxy9.getScreenshotAs(Unknown Source)
at org.openqa.selenium.support.events.EventFiringWebDriver.getScreenshotAs(EventFiringWebDriver.java:288)
at com.amazon.util.TestUtil.takeScreenshotAtEndOfTest(TestUtil.java:26)
at com.amazon.util.WebEventListener.onException(WebEventListener.java:58)
at jdk.internal.reflect.GeneratedMethodAccessor1.invoke(Unknown Source)
at java.base/jdk.internal.reflect.DelegatingMethodAccessorImpl.invoke(DelegatingMethodAccessorImpl.java:43)
at java.base/java.lang.reflect.Method.invoke(Method.java:568)
at org.openqa.selenium.support.events.EventFiringWebDriver$1.invoke(EventFiringWebDriver.java:82)
at jdk.proxy2/jdk.proxy2.$Proxy8.onException(Unknown Source)
at org.openqa.selenium.support.events.EventFiringWebDriver$2.invoke(EventFiringWebDriver.java:107)
at jdk.proxy2/jdk.proxy2.$Proxy9.getScreenshotAs(Unknown Source)
at org.openqa.selenium.support.events.EventFiringWebDriver.getScreenshotAs(EventFiringWebDriver.java:288)
at com.amazon.util.TestUtil.takeScreenshotAtEndOfTest(TestUtil.java:26)
at com.amazon.util.WebEventListener.onException(WebEventListener.java:58)
at jdk.internal.reflect.GeneratedMethodAccessor1.invoke(Unknown Source)
at java.base/jdk.internal.reflect.DelegatingMethodAccessorImpl.invoke(DelegatingMethodAccessorImpl.java:43)
at java.base/java.lang.reflect.Method.invoke(Method.java:568)
at org.openqa.selenium.support.events.EventFiringWebDriver$1.invoke(EventFiringWebDriver.java:82)
at jdk.proxy2/jdk.proxy2.$Proxy8.onException(Unknown Source)
at org.openqa.selenium.support.events.EventFiringWebDriver$2.invoke(EventFiringWebDriver.java:107)
at jdk.proxy2/jdk.proxy2.$Proxy9.getScreenshotAs(Unknown Source)
at org.openqa.selenium.support.events.EventFiringWebDriver.getScreenshotAs(EventFiringWebDriver.java:288)
at com.amazon.util.TestUtil.takeScreenshotAtEndOfTest(TestUtil.java:26)
at com.amazon.util.WebEventListener.onException(WebEventListener.java:58)
at jdk.internal.reflect.GeneratedMethodAccessor1.invoke(Unknown Source)
at java.base/jdk.internal.reflect.DelegatingMethodAccessorImpl.invoke(DelegatingMethodAccessorImpl.java:43)
at java.base/java.lang.reflect.Method.invoke(Method.java:568)
at org.openqa.selenium.support.events.EventFiringWebDriver$1.invoke(EventFiringWebDriver.java:82)
at jdk.proxy2/jdk.proxy2.$Proxy8.onException(Unknown Source)
at org.openqa.selenium.support.events.EventFiringWebDriver$2.invoke(EventFiringWebDriver.java:107)
at jdk.proxy2/jdk.proxy2.$Proxy9.getScreenshotAs(Unknown Source)
at org.openqa.selenium.support.events.EventFiringWebDriver.getScreenshotAs(EventFiringWebDriver.java:288)
at com.amazon.util.TestUtil.takeScreenshotAtEndOfTest(TestUtil.java:26)
at com.amazon.util.WebEventListener.onException(WebEventListener.java:58)
at jdk.internal.reflect.GeneratedMethodAccessor1.invoke(Unknown Source)
at java.base/jdk.internal.reflect.DelegatingMethodAccessorImpl.invoke(DelegatingMethodAccessorImpl.java:43)
at java.base/java.lang.reflect.Method.invoke(Method.java:568)
at org.openqa.selenium.support.events.EventFiringWebDriver$1.invoke(EventFiringWebDriver.java:82)
at jdk.proxy2/jdk.proxy2.$Proxy8.onException(Unknown Source)
at org.openqa.selenium.support.events.EventFiringWebDriver$2.invoke(EventFiringWebDriver.java:107)
at jdk.proxy2/jdk.proxy2.$Proxy9.getScreenshotAs(Unknown Source)
at org.openqa.selenium.support.events.EventFiringWebDriver.getScreenshotAs(EventFiringWebDriver.java:288)
at com.amazon.util.TestUtil.takeScreenshotAtEndOfTest(TestUtil.java:26)
at com.amazon.util.WebEventListener.onException(WebEventListener.java:58)
at jdk.internal.reflect.GeneratedMethodAccessor1.invoke(Unknown Source)
at java.base/jdk.internal.reflect.DelegatingMethodAccessorImpl.invoke(DelegatingMethodAccessorImpl.java:43)
at java.base/java.lang.reflect.Method.invoke(Method.java:568)
at org.openqa.selenium.support.events.EventFiringWebDriver$1.invoke(EventFiringWebDriver.java:82)
at jdk.proxy2/jdk.proxy2.$Proxy8.onException(Unknown Source)
at org.openqa.selenium.support.events.EventFiringWebDriver$2.invoke(EventFiringWebDriver.java:107)
at jdk.proxy2/jdk.proxy2.$Proxy9.getScreenshotAs(Unknown Source)
at org.openqa.selenium.support.events.EventFiringWebDriver.getScreenshotAs(EventFiringWebDriver.java:288)
at com.amazon.util.TestUtil.takeScreenshotAtEndOfTest(TestUtil.java:26)
at com.amazon.util.WebEventListener.onException(WebEventListener.java:58)
at jdk.internal.reflect.GeneratedMethodAccessor1.invoke(Unknown Source)
at java.base/jdk.internal.reflect.DelegatingMethodAccessorImpl.invoke(DelegatingMethodAccessorImpl.java:43)
at java.base/java.lang.reflect.Method.invoke(Method.java:568)
at org.openqa.selenium.support.events.EventFiringWebDriver$1.invoke(EventFiringWebDriver.java:82)
at jdk.proxy2/jdk.proxy2.$Proxy8.onException(Unknown Source)
at org.openqa.selenium.support.events.EventFiringWebDriver$2.invoke(EventFiringWebDriver.java:107)
at jdk.proxy2/jdk.proxy2.$Proxy9.getScreenshotAs(Unknown Source)
at org.openqa.selenium.support.events.EventFiringWebDriver.getScreenshotAs(EventFiringWebDriver.java:288)
at com.amazon.util.TestUtil.takeScreenshotAtEndOfTest(TestUtil.java:26)
at com.amazon.util.WebEventListener.onException(WebEventListener.java:58)
at jdk.internal.reflect.GeneratedMethodAccessor1.invoke(Unknown Source)
at java.base/jdk.internal.reflect.DelegatingMethodAccessorImpl.invoke(DelegatingMethodAccessorImpl.java:43)
at java.base/java.lang.reflect.Method.invoke(Method.java:568)
at org.openqa.selenium.support.events.EventFiringWebDriver$1.invoke(EventFiringWebDriver.java:82)
at jdk.proxy2/jdk.proxy2.$Proxy8.onException(Unknown Source)
at org.openqa.selenium.support.events.EventFiringWebDriver$2.invoke(EventFiringWebDriver.java:107)
at jdk.proxy2/jdk.proxy2.$Proxy9.getScreenshotAs(Unknown Source)
at org.openqa.selenium.support.events.EventFiringWebDriver.getScreenshotAs(EventFiringWebDriver.java:288)
at com.amazon.util.TestUtil.takeScreenshotAtEndOfTest(TestUtil.java:26)
at com.amazon.util.WebEventListener.onException(WebEventListener.java:58)
at jdk.internal.reflect.GeneratedMethodAccessor1.invoke(Unknown Source)
at java.base/jdk.internal.reflect.DelegatingMethodAccessorImpl.invoke(DelegatingMethodAccessorImpl.java:43)
at java.base/java.lang.reflect.Method.invoke(Method.java:568)
at org.openqa.selenium.support.events.EventFiringWebDriver$1.invoke(EventFiringWebDriver.java:82)
at jdk.proxy2/jdk.proxy2.$Proxy8.onException(Unknown Source)
at org.openqa.selenium.support.events.EventFiringWebDriver$2.invoke(EventFiringWebDriver.java:107)
at jdk.proxy2/jdk.proxy2.$Proxy9.getScreenshotAs(Unknown Source)
at org.openqa.selenium.support.events.EventFiringWebDriver.getScreenshotAs(EventFiringWebDriver.java:288)
at com.amazon.util.TestUtil.takeScreenshotAtEndOfTest(TestUtil.java:26)
at com.amazon.util.WebEventListener.onException(WebEventListener.java:58)
at jdk.internal.reflect.GeneratedMethodAccessor1.invoke(Unknown Source)
at java.base/jdk.internal.reflect.DelegatingMethodAccessorImpl.invoke(DelegatingMethodAccessorImpl.java:43)
at java.base/java.lang.reflect.Method.invoke(Method.java:568)
at org.openqa.selenium.support.events.EventFiringWebDriver$1.invoke(EventFiringWebDriver.java:82)
at jdk.proxy2/jdk.proxy2.$Proxy8.onException(Unknown Source)
at org.openqa.selenium.support.events.EventFiringWebDriver$2.invoke(EventFiringWebDriver.java:107)
at jdk.proxy2/jdk.proxy2.$Proxy9.getScreenshotAs(Unknown Source)
at org.openqa.selenium.support.events.EventFiringWebDriver.getScreenshotAs(EventFiringWebDriver.java:288)
at com.amazon.util.TestUtil.takeScreenshotAtEndOfTest(TestUtil.java:26)
at com.amazon.util.WebEventListener.onException(WebEventListener.java:58)
at jdk.internal.reflect.GeneratedMethodAccessor1.invoke(Unknown Source)
at java.base/jdk.internal.reflect.DelegatingMethodAccessorImpl.invoke(DelegatingMethodAccessorImpl.java:43)
at java.base/java.lang.reflect.Method.invoke(Method.java:568)
at org.openqa.selenium.support.events.EventFiringWebDriver$1.invoke(EventFiringWebDriver.java:82)
at jdk.proxy2/jdk.proxy2.$Proxy8.onException(Unknown Source)
at org.openqa.selenium.support.events.EventFiringWebDriver$2.invoke(EventFiringWebDriver.java:107)
at jdk.proxy2/jdk.proxy2.$Proxy9.getScreenshotAs(Unknown Source)
at org.openqa.selenium.support.events.EventFiringWebDriver.getScreenshotAs(EventFiringWebDriver.java:288)
at com.amazon.util.TestUtil.takeScreenshotAtEndOfTest(TestUtil.java:26)
at com.amazon.util.WebEventListener.onException(WebEventListener.java:58)
at jdk.internal.reflect.GeneratedMethodAccessor1.invoke(Unknown Source)
at java.base/jdk.internal.reflect.DelegatingMethodAccessorImpl.invoke(DelegatingMethodAccessorImpl.java:43)
at java.base/java.lang.reflect.Method.invoke(Method.java:568)
at org.openqa.selenium.support.events.EventFiringWebDriver$1.invoke(EventFiringWebDriver.java:82)
at jdk.proxy2/jdk.proxy2.$Proxy8.onException(Unknown Source)
at org.openqa.selenium.support.events.EventFiringWebDriver$2.invoke(EventFiringWebDriver.java:107)
at jdk.proxy2/jdk.proxy2.$Proxy9.getScreenshotAs(Unknown Source)
at org.openqa.selenium.support.events.EventFiringWebDriver.getScreenshotAs(EventFiringWebDriver.java:288)
at com.amazon.util.TestUtil.takeScreenshotAtEndOfTest(TestUtil.java:26)
at com.amazon.util.WebEventListener.onException(WebEventListener.java:58)
at jdk.internal.reflect.GeneratedMethodAccessor1.invoke(Unknown Source)
at java.base/jdk.internal.reflect.DelegatingMethodAccessorImpl.invoke(DelegatingMethodAccessorImpl.java:43)
at java.base/java.lang.reflect.Method.invoke(Method.java:568)
at org.openqa.selenium.support.events.EventFiringWebDriver$1.invoke(EventFiringWebDriver.java:82)
at jdk.proxy2/jdk.proxy2.$Proxy8.onException(Unknown Source)
at org.openqa.selenium.support.events.EventFiringWebDriver$2.invoke(EventFiringWebDriver.java:107)
at jdk.proxy2/jdk.proxy2.$Proxy9.getScreenshotAs(Unknown Source)
at org.openqa.selenium.support.events.EventFiringWebDriver.getScreenshotAs(EventFiringWebDriver.java:288)
at com.amazon.util.TestUtil.takeScreenshotAtEndOfTest(TestUtil.java:26)
at com.amazon.util.WebEventListener.onException(WebEventListener.java:58)
at jdk.internal.reflect.GeneratedMethodAccessor1.invoke(Unknown Source)
at java.base/jdk.internal.reflect.DelegatingMethodAccessorImpl.invoke(DelegatingMethodAccessorImpl.java:43)
at java.base/java.lang.reflect.Method.invoke(Method.java:568)
at org.openqa.selenium.support.events.EventFiringWebDriver$1.invoke(EventFiringWebDriver.java:82)
at jdk.proxy2/jdk.proxy2.$Proxy8.onException(Unknown Source)
at org.openqa.selenium.support.events.EventFiringWebDriver$2.invoke(EventFiringWebDriver.java:107)
at jdk.proxy2/jdk.proxy2.$Proxy9.getScreenshotAs(Unknown Source)
at org.openqa.selenium.support.events.EventFiringWebDriver.getScreenshotAs(EventFiringWebDriver.java:288)
at com.amazon.util.TestUtil.takeScreenshotAtEndOfTest(TestUtil.java:26)
at com.amazon.util.WebEventListener.onException(WebEventListener.java:58)
at jdk.internal.reflect.GeneratedMethodAccessor1.invoke(Unknown Source)
at java.base/jdk.internal.reflect.DelegatingMethodAccessorImpl.invoke(DelegatingMethodAccessorImpl.java:43)
at java.base/java.lang.reflect.Method.invoke(Method.java:568)
at org.openqa.selenium.support.events.EventFiringWebDriver$1.invoke(EventFiringWebDriver.java:82)
at jdk.proxy2/jdk.proxy2.$Proxy8.onException(Unknown Source)
at org.openqa.selenium.support.events.EventFiringWebDriver$2.invoke(EventFiringWebDriver.java:107)
at jdk.proxy2/jdk.proxy2.$Proxy9.getScreenshotAs(Unknown Source)
at org.openqa.selenium.support.events.EventFiringWebDriver.getScreenshotAs(EventFiringWebDriver.java:288)
at com.amazon.util.TestUtil.takeScreenshotAtEndOfTest(TestUtil.java:26)
at com.amazon.util.WebEventListener.onException(WebEventListener.java:58)
at jdk.internal.reflect.GeneratedMethodAccessor1.invoke(Unknown Source)
at java.base/jdk.internal.reflect.DelegatingMethodAccessorImpl.invoke(DelegatingMethodAccessorImpl.java:43)
at java.base/java.lang.reflect.Method.invoke(Method.java:568)
at org.openqa.selenium.support.events.EventFiringWebDriver$1.invoke(EventFiringWebDriver.java:82)
at jdk.proxy2/jdk.proxy2.$Proxy8.onException(Unknown Source)
at org.openqa.selenium.support.events.EventFiringWebDriver$2.invoke(EventFiringWebDriver.java:107)
at jdk.proxy2/jdk.proxy2.$Proxy9.getScreenshotAs(Unknown Source)
at org.openqa.selenium.support.events.EventFiringWebDriver.getScreenshotAs(EventFiringWebDriver.java:288)
at com.amazon.util.TestUtil.takeScreenshotAtEndOfTest(TestUtil.java:26)
at com.amazon.util.WebEventListener.onException(WebEventListener.java:58)
at jdk.internal.reflect.GeneratedMethodAccessor1.invoke(Unknown Source)
at java.base/jdk.internal.reflect.DelegatingMethodAccessorImpl.invoke(DelegatingMethodAccessorImpl.java:43)
at java.base/java.lang.reflect.Method.invoke(Method.java:568)
at org.openqa.selenium.support.events.EventFiringWebDriver$1.invoke(EventFiringWebDriver.java:82)
at jdk.proxy2/jdk.proxy2.$Proxy8.onException(Unknown Source)
at org.openqa.selenium.support.events.EventFiringWebDriver$2.invoke(EventFiringWebDriver.java:107)
at jdk.proxy2/jdk.proxy2.$Proxy9.getScreenshotAs(Unknown Source)
at org.openqa.selenium.support.events.EventFiringWebDriver.getScreenshotAs(EventFiringWebDriver.java:288)
at com.amazon.util.TestUtil.takeScreenshotAtEndOfTest(TestUtil.java:26)
at com.amazon.util.WebEventListener.onException(WebEventListener.java:58)
at jdk.internal.reflect.GeneratedMethodAccessor1.invoke(Unknown Source)
at java.base/jdk.internal.reflect.DelegatingMethodAccessorImpl.invoke(DelegatingMethodAccessorImpl.java:43)
at java.base/java.lang.reflect.Method.invoke(Method.java:568)
at org.openqa.selenium.support.events.EventFiringWebDriver$1.invoke(EventFiringWebDriver.java:82)
at jdk.proxy2/jdk.proxy2.$Proxy8.onException(Unknown Source)
at org.openqa.selenium.support.events.EventFiringWebDriver$2.invoke(EventFiringWebDriver.java:107)
at jdk.proxy2/jdk.proxy2.$Proxy9.getScreenshotAs(Unknown Source)
at org.openqa.selenium.support.events.EventFiringWebDriver.getScreenshotAs(EventFiringWebDriver.java:288)
at com.amazon.util.TestUtil.takeScreenshotAtEndOfTest(TestUtil.java:26)
at com.amazon.util.WebEventListener.onException(WebEventListener.java:58)
at jdk.internal.reflect.GeneratedMethodAccessor1.invoke(Unknown Source)
at java.base/jdk.internal.reflect.DelegatingMethodAccessorImpl.invoke(DelegatingMethodAccessorImpl.java:43)
at java.base/java.lang.reflect.Method.invoke(Method.java:568)
at org.openqa.selenium.support.events.EventFiringWebDriver$1.invoke(EventFiringWebDriver.java:82)
at jdk.proxy2/jdk.proxy2.$Proxy8.onException(Unknown Source)
at org.openqa.selenium.support.events.EventFiringWebDriver$2.invoke(EventFiringWebDriver.java:107)
at jdk.proxy2/jdk.proxy2.$Proxy9.getScreenshotAs(Unknown Source)
at org.openqa.selenium.support.events.EventFiringWebDriver.getScreenshotAs(EventFiringWebDriver.java:288)
at com.amazon.util.TestUtil.takeScreenshotAtEndOfTest(TestUtil.java:26)
at com.amazon.util.WebEventListener.onException(WebEventListener.java:58)
at jdk.internal.reflect.GeneratedMethodAccessor1.invoke(Unknown Source)
at java.base/jdk.internal.reflect.DelegatingMethodAccessorImpl.invoke(DelegatingMethodAccessorImpl.java:43)
at java.base/java.lang.reflect.Method.invoke(Method.java:568)
at org.openqa.selenium.support.events.EventFiringWebDriver$1.invoke(EventFiringWebDriver.java:82)
at jdk.proxy2/jdk.proxy2.$Proxy8.onException(Unknown Source)
at org.openqa.selenium.support.events.EventFiringWebDriver$2.invoke(EventFiringWebDriver.java:107)
at jdk.proxy2/jdk.proxy2.$Proxy9.getScreenshotAs(Unknown Source)
at org.openqa.selenium.support.events.EventFiringWebDriver.getScreenshotAs(EventFiringWebDriver.java:288)
at com.amazon.util.TestUtil.takeScreenshotAtEndOfTest(TestUtil.java:26)
at com.amazon.util.WebEventListener.onException(WebEventListener.java:58)
at jdk.internal.reflect.GeneratedMethodAccessor1.invoke(Unknown Source)
at java.base/jdk.internal.reflect.DelegatingMethodAccessorImpl.invoke(DelegatingMethodAccessorImpl.java:43)
at java.base/java.lang.reflect.Method.invoke(Method.java:568)
at org.openqa.selenium.support.events.EventFiringWebDriver$1.invoke(EventFiringWebDriver.java:82)
at jdk.proxy2/jdk.proxy2.$Proxy8.onException(Unknown Source)
at org.openqa.selenium.support.events.EventFiringWebDriver$2.invoke(EventFiringWebDriver.java:107)
at jdk.proxy2/jdk.proxy2.$Proxy9.getScreenshotAs(Unknown Source)
at org.openqa.selenium.support.events.EventFiringWebDriver.getScreenshotAs(EventFiringWebDriver.java:288)
at com.amazon.util.TestUtil.takeScreenshotAtEndOfTest(TestUtil.java:26)
at com.amazon.util.WebEventListener.onException(WebEventListener.java:58)
at jdk.internal.reflect.GeneratedMethodAccessor1.invoke(Unknown Source)
at java.base/jdk.internal.reflect.DelegatingMethodAccessorImpl.invoke(DelegatingMethodAccessorImpl.java:43)
at java.base/java.lang.reflect.Method.invoke(Method.java:568)
at org.openqa.selenium.support.events.EventFiringWebDriver$1.invoke(EventFiringWebDriver.java:82)
at jdk.proxy2/jdk.proxy2.$Proxy8.onException(Unknown Source)
at org.openqa.selenium.support.events.EventFiringWebDriver$2.invoke(EventFiringWebDriver.java:107)
at jdk.proxy2/jdk.proxy2.$Proxy9.getScreenshotAs(Unknown Source)
at org.openqa.selenium.support.events.EventFiringWebDriver.getScreenshotAs(EventFiringWebDriver.java:288)
at com.amazon.util.TestUtil.takeScreenshotAtEndOfTest(TestUtil.java:26)
at com.amazon.util.WebEventListener.onException(WebEventListener.java:58)
at jdk.internal.reflect.GeneratedMethodAccessor1.invoke(Unknown Source)
at java.base/jdk.internal.reflect.DelegatingMethodAccessorImpl.invoke(DelegatingMethodAccessorImpl.java:43)
at java.base/java.lang.reflect.Method.invoke(Method.java:568)
at org.openqa.selenium.support.events.EventFiringWebDriver$1.invoke(EventFiringWebDriver.java:82)
at jdk.proxy2/jdk.proxy2.$Proxy8.onException(Unknown Source)
at org.openqa.selenium.support.events.EventFiringWebDriver$2.invoke(EventFiringWebDriver.java:107)
at jdk.proxy2/jdk.proxy2.$Proxy9.getScreenshotAs(Unknown Source)
at org.openqa.selenium.support.events.EventFiringWebDriver.getScreenshotAs(EventFiringWebDriver.java:288)
at com.amazon.util.TestUtil.takeScreenshotAtEndOfTest(TestUtil.java:26)
at com.amazon.util.WebEventListener.onException(WebEventListener.java:58)
at jdk.internal.reflect.GeneratedMethodAccessor1.invoke(Unknown Source)
at java.base/jdk.internal.reflect.DelegatingMethodAccessorImpl.invoke(DelegatingMethodAccessorImpl.java:43)
at java.base/java.lang.reflect.Method.invoke(Method.java:568)
at org.openqa.selenium.support.events.EventFiringWebDriver$1.invoke(EventFiringWebDriver.java:82)
at jdk.proxy2/jdk.proxy2.$Proxy8.onException(Unknown Source)
at org.openqa.selenium.support.events.EventFiringWebDriver$2.invoke(EventFiringWebDriver.java:107)
at jdk.proxy2/jdk.proxy2.$Proxy9.getScreenshotAs(Unknown Source)
at org.openqa.selenium.support.events.EventFiringWebDriver.getScreenshotAs(EventFiringWebDriver.java:288)
at com.amazon.util.TestUtil.takeScreenshotAtEndOfTest(TestUtil.java:26)
at com.amazon.util.WebEventListener.onException(WebEventListener.java:58)
at jdk.internal.reflect.GeneratedMethodAccessor1.invoke(Unknown Source)
at java.base/jdk.internal.reflect.DelegatingMethodAccessorImpl.invoke(DelegatingMethodAccessorImpl.java:43)
at java.base/java.lang.reflect.Method.invoke(Method.java:568)
at org.openqa.selenium.support.events.EventFiringWebDriver$1.invoke(EventFiringWebDriver.java:82)
at jdk.proxy2/jdk.proxy2.$Proxy8.onException(Unknown Source)
at org.openqa.selenium.support.events.EventFiringWebDriver$2.invoke(EventFiringWebDriver.java:107)
at jdk.proxy2/jdk.proxy2.$Proxy9.getScreenshotAs(Unknown Source)
at org.openqa.selenium.support.events.EventFiringWebDriver.getScreenshotAs(EventFiringWebDriver.java:288)
at com.amazon.util.TestUtil.takeScreenshotAtEndOfTest(TestUtil.java:26)
at com.amazon.util.WebEventListener.onException(WebEventListener.java:58)
at jdk.internal.reflect.GeneratedMethodAccessor1.invoke(Unknown Source)
at java.base/jdk.internal.reflect.DelegatingMethodAccessorImpl.invoke(DelegatingMethodAccessorImpl.java:43)
at java.base/java.lang.reflect.Method.invoke(Method.java:568)
at org.openqa.selenium.support.events.EventFiringWebDriver$1.invoke(EventFiringWebDriver.java:82)
at jdk.proxy2/jdk.proxy2.$Proxy8.onException(Unknown Source)
at org.openqa.selenium.support.events.EventFiringWebDriver$2.invoke(EventFiringWebDriver.java:107)
at jdk.proxy2/jdk.proxy2.$Proxy9.getScreenshotAs(Unknown Source)
at org.openqa.selenium.support.events.EventFiringWebDriver.getScreenshotAs(EventFiringWebDriver.java:288)
at com.amazon.util.TestUtil.takeScreenshotAtEndOfTest(TestUtil.java:26)
at com.amazon.util.WebEventListener.onException(WebEventListener.java:58)
at jdk.internal.reflect.GeneratedMethodAccessor1.invoke(Unknown Source)
at java.base/jdk.internal.reflect.DelegatingMethodAccessorImpl.invoke(DelegatingMethodAccessorImpl.java:43)
at java.base/java.lang.reflect.Method.invoke(Method.java:568)
at org.openqa.selenium.support.events.EventFiringWebDriver$1.invoke(EventFiringWebDriver.java:82)
at jdk.proxy2/jdk.proxy2.$Proxy8.onException(Unknown Source)
at org.openqa.selenium.support.events.EventFiringWebDriver$2.invoke(EventFiringWebDriver.java:107)
at jdk.proxy2/jdk.proxy2.$Proxy9.getScreenshotAs(Unknown Source)
at org.openqa.selenium.support.events.EventFiringWebDriver.getScreenshotAs(EventFiringWebDriver.java:288)
at com.amazon.util.TestUtil.takeScreenshotAtEndOfTest(TestUtil.java:26)
at com.amazon.util.WebEventListener.onException(WebEventListener.java:58)
at jdk.internal.reflect.GeneratedMethodAccessor1.invoke(Unknown Source)
at java.base/jdk.internal.reflect.DelegatingMethodAccessorImpl.invoke(DelegatingMethodAccessorImpl.java:43)
at java.base/java.lang.reflect.Method.invoke(Method.java:568)
at org.openqa.selenium.support.events.EventFiringWebDriver$1.invoke(EventFiringWebDriver.java:82)
at jdk.proxy2/jdk.proxy2.$Proxy8.onException(Unknown Source)
at org.openqa.selenium.support.events.EventFiringWebDriver$2.invoke(EventFiringWebDriver.java:107)
at jdk.proxy2/jdk.proxy2.$Proxy9.getScreenshotAs(Unknown Source)
at org.openqa.selenium.support.events.EventFiringWebDriver.getScreenshotAs(EventFiringWebDriver.java:288)
at com.amazon.util.TestUtil.takeScreenshotAtEndOfTest(TestUtil.java:26)
at com.amazon.util.WebEventListener.onException(WebEventListener.java:58)
at jdk.internal.reflect.GeneratedMethodAccessor1.invoke(Unknown Source)
at java.base/jdk.internal.reflect.DelegatingMethodAccessorImpl.invoke(DelegatingMethodAccessorImpl.java:43)
at java.base/java.lang.reflect.Method.invoke(Method.java:568)
at org.openqa.selenium.support.events.EventFiringWebDriver$1.invoke(EventFiringWebDriver.java:82)
at jdk.proxy2/jdk.proxy2.$Proxy8.onException(Unknown Source)
at org.openqa.selenium.support.events.EventFiringWebDriver$2.invoke(EventFiringWebDriver.java:107)
at jdk.proxy2/jdk.proxy2.$Proxy9.getScreenshotAs(Unknown Source)
at org.openqa.selenium.support.events.EventFiringWebDriver.getScreenshotAs(EventFiringWebDriver.java:288)
at com.amazon.util.TestUtil.takeScreenshotAtEndOfTest(TestUtil.java:26)
at com.amazon.util.WebEventListener.onException(WebEventListener.java:58)
at jdk.internal.reflect.GeneratedMethodAccessor1.invoke(Unknown Source)
at java.base/jdk.internal.reflect.DelegatingMethodAccessorImpl.invoke(DelegatingMethodAccessorImpl.java:43)
at java.base/java.lang.reflect.Method.invoke(Method.java:568)
at org.openqa.selenium.support.events.EventFiringWebDriver$1.invoke(EventFiringWebDriver.java:82)
at jdk.proxy2/jdk.proxy2.$Proxy8.onException(Unknown Source)
at org.openqa.selenium.support.events.EventFiringWebDriver$2.invoke(EventFiringWebDriver.java:107)
at jdk.proxy2/jdk.proxy2.$Proxy9.getScreenshotAs(Unknown Source)
at org.openqa.selenium.support.events.EventFiringWebDriver.getScreenshotAs(EventFiringWebDriver.java:288)
at com.amazon.util.TestUtil.takeScreenshotAtEndOfTest(TestUtil.java:26)
at com.amazon.util.WebEventListener.onException(WebEventListener.java:58)
at jdk.internal.reflect.GeneratedMethodAccessor1.invoke(Unknown Source)
at java.base/jdk.internal.reflect.DelegatingMethodAccessorImpl.invoke(DelegatingMethodAccessorImpl.java:43)
at java.base/java.lang.reflect.Method.invoke(Method.java:568)
at org.openqa.selenium.support.events.EventFiringWebDriver$1.invoke(EventFiringWebDriver.java:82)
at jdk.proxy2/jdk.proxy2.$Proxy8.onException(Unknown Source)
at org.openqa.selenium.support.events.EventFiringWebDriver$2.invoke(EventFiringWebDriver.java:107)
at jdk.proxy2/jdk.proxy2.$Proxy9.getScreenshotAs(Unknown Source)
at org.openqa.selenium.support.events.EventFiringWebDriver.getScreenshotAs(EventFiringWebDriver.java:288)
at com.amazon.util.TestUtil.takeScreenshotAtEndOfTest(TestUtil.java:26)
at com.amazon.util.WebEventListener.onException(WebEventListener.java:58)
at jdk.internal.reflect.GeneratedMethodAccessor1.invoke(Unknown Source)
at java.base/jdk.internal.reflect.DelegatingMethodAccessorImpl.invoke(DelegatingMethodAccessorImpl.java:43)
at java.base/java.lang.reflect.Method.invoke(Method.java:568)
at org.openqa.selenium.support.events.EventFiringWebDriver$1.invoke(EventFiringWebDriver.java:82)
at jdk.proxy2/jdk.proxy2.$Proxy8.onException(Unknown Source)
at org.openqa.selenium.support.events.EventFiringWebDriver$2.invoke(EventFiringWebDriver.java:107)
at jdk.proxy2/jdk.proxy2.$Proxy9.getScreenshotAs(Unknown Source)
at org.openqa.selenium.support.events.EventFiringWebDriver.getScreenshotAs(EventFiringWebDriver.java:288)
at com.amazon.util.TestUtil.takeScreenshotAtEndOfTest(TestUtil.java:26)
at com.amazon.util.WebEventListener.onException(WebEventListener.java:58)
at jdk.internal.reflect.GeneratedMethodAccessor1.invoke(Unknown Source)
at java.base/jdk.internal.reflect.DelegatingMethodAccessorImpl.invoke(DelegatingMethodAccessorImpl.java:43)
at java.base/java.lang.reflect.Method.invoke(Method.java:568)
at org.openqa.selenium.support.events.EventFiringWebDriver$1.invoke(EventFiringWebDriver.java:82)
at jdk.proxy2/jdk.proxy2.$Proxy8.onException(Unknown Source)
at org.openqa.selenium.support.events.EventFiringWebDriver$2.invoke(EventFiringWebDriver.java:107)
at jdk.proxy2/jdk.proxy2.$Proxy9.getScreenshotAs(Unknown Source)
at org.openqa.selenium.support.events.EventFiringWebDriver.getScreenshotAs(EventFiringWebDriver.java:288)
at com.amazon.util.TestUtil.takeScreenshotAtEndOfTest(TestUtil.java:26)
at com.amazon.util.WebEventListener.onException(WebEventListener.java:58)
at jdk.internal.reflect.GeneratedMethodAccessor1.invoke(Unknown Source)
at java.base/jdk.internal.reflect.DelegatingMethodAccessorImpl.invoke(DelegatingMethodAccessorImpl.java:43)
at java.base/java.lang.reflect.Method.invoke(Method.java:568)
at org.openqa.selenium.support.events.EventFiringWebDriver$1.invoke(EventFiringWebDriver.java:82)
at jdk.proxy2/jdk.proxy2.$Proxy8.onException(Unknown Source)
at org.openqa.selenium.support.events.EventFiringWebDriver$2.invoke(EventFiringWebDriver.java:107)
at jdk.proxy2/jdk.proxy2.$Proxy9.getScreenshotAs(Unknown Source)
at org.openqa.selenium.support.events.EventFiringWebDriver.getScreenshotAs(EventFiringWebDriver.java:288)
at com.amazon.util.TestUtil.takeScreenshotAtEndOfTest(TestUtil.java:26)
at com.amazon.util.WebEventListener.onException(WebEventListener.java:58)
at jdk.internal.reflect.GeneratedMethodAccessor1.invoke(Unknown Source)
at java.base/jdk.internal.reflect.DelegatingMethodAccessorImpl.invoke(DelegatingMethodAccessorImpl.java:43)
at java.base/java.lang.reflect.Method.invoke(Method.java:568)
at org.openqa.selenium.support.events.EventFiringWebDriver$1.invoke(EventFiringWebDriver.java:82)
at jdk.proxy2/jdk.proxy2.$Proxy8.onException(Unknown Source)
at org.openqa.selenium.support.events.EventFiringWebDriver$2.invoke(EventFiringWebDriver.java:107)
at jdk.proxy2/jdk.proxy2.$Proxy9.getScreenshotAs(Unknown Source)
at org.openqa.selenium.support.events.EventFiringWebDriver.getScreenshotAs(EventFiringWebDriver.java:288)
at com.amazon.util.TestUtil.takeScreenshotAtEndOfTest(TestUtil.java:26)
at com.amazon.util.WebEventListener.onException(WebEventListener.java:58)
at jdk.internal.reflect.GeneratedMethodAccessor1.invoke(Unknown Source)
at java.base/jdk.internal.reflect.DelegatingMethodAccessorImpl.invoke(DelegatingMethodAccessorImpl.java:43)
at java.base/java.lang.reflect.Method.invoke(Method.java:568)
at org.openqa.selenium.support.events.EventFiringWebDriver$1.invoke(EventFiringWebDriver.java:82)
at jdk.proxy2/jdk.proxy2.$Proxy8.onException(Unknown Source)
at org.openqa.selenium.support.events.EventFiringWebDriver$2.invoke(EventFiringWebDriver.java:107)
at jdk.proxy2/jdk.proxy2.$Proxy9.getScreenshotAs(Unknown Source)
at org.openqa.selenium.support.events.EventFiringWebDriver.getScreenshotAs(EventFiringWebDriver.java:288)
at com.amazon.util.TestUtil.takeScreenshotAtEndOfTest(TestUtil.java:26)
at com.amazon.util.WebEventListener.onException(WebEventListener.java:58)
at jdk.internal.reflect.GeneratedMethodAccessor1.invoke(Unknown Source)
at java.base/jdk.internal.reflect.DelegatingMethodAccessorImpl.invoke(DelegatingMethodAccessorImpl.java:43)
at java.base/java.lang.reflect.Method.invoke(Method.java:568)
at org.openqa.selenium.support.events.EventFiringWebDriver$1.invoke(EventFiringWebDriver.java:82)
at jdk.proxy2/jdk.proxy2.$Proxy8.onException(Unknown Source)
at org.openqa.selenium.support.events.EventFiringWebDriver$2.invoke(EventFiringWebDriver.java:107)
at jdk.proxy2/jdk.proxy2.$Proxy9.getScreenshotAs(Unknown Source)
at org.openqa.selenium.support.events.EventFiringWebDriver.getScreenshotAs(EventFiringWebDriver.java:288)
at com.amazon.util.TestUtil.takeScreenshotAtEndOfTest(TestUtil.java:26)
at com.amazon.util.WebEventListener.onException(WebEventListener.java:58)
at jdk.internal.reflect.GeneratedMethodAccessor1.invoke(Unknown Source)
at java.base/jdk.internal.reflect.DelegatingMethodAccessorImpl.invoke(DelegatingMethodAccessorImpl.java:43)
at java.base/java.lang.reflect.Method.invoke(Method.java:568)
at org.openqa.selenium.support.events.EventFiringWebDriver$1.invoke(EventFiringWebDriver.java:82)
at jdk.proxy2/jdk.proxy2.$Proxy8.onException(Unknown Source)
at org.openqa.selenium.support.events.EventFiringWebDriver$2.invoke(EventFiringWebDriver.java:107)
at jdk.proxy2/jdk.proxy2.$Proxy9.getScreenshotAs(Unknown Source)
at org.openqa.selenium.support.events.EventFiringWebDriver.getScreenshotAs(EventFiringWebDriver.java:288)
at com.amazon.util.TestUtil.takeScreenshotAtEndOfTest(TestUtil.java:26)
at com.amazon.util.WebEventListener.onException(WebEventListener.java:58)
at jdk.internal.reflect.GeneratedMethodAccessor1.invoke(Unknown Source)
at java.base/jdk.internal.reflect.DelegatingMethodAccessorImpl.invoke(DelegatingMethodAccessorImpl.java:43)
at java.base/java.lang.reflect.Method.invoke(Method.java:568)
at org.openqa.selenium.support.events.EventFiringWebDriver$1.invoke(EventFiringWebDriver.java:82)
at jdk.proxy2/jdk.proxy2.$Proxy8.onException(Unknown Source)
at org.openqa.selenium.support.events.EventFiringWebDriver$2.invoke(EventFiringWebDriver.java:107)
at jdk.proxy2/jdk.proxy2.$Proxy9.getScreenshotAs(Unknown Source)
at org.openqa.selenium.support.events.EventFiringWebDriver.getScreenshotAs(EventFiringWebDriver.java:288)
at com.amazon.util.TestUtil.takeScreenshotAtEndOfTest(TestUtil.java:26)
at com.amazon.util.WebEventListener.onException(WebEventListener.java:58)
at jdk.internal.reflect.GeneratedMethodAccessor1.invoke(Unknown Source)
at java.base/jdk.internal.reflect.DelegatingMethodAccessorImpl.invoke(DelegatingMethodAccessorImpl.java:43)
at java.base/java.lang.reflect.Method.invoke(Method.java:568)
at org.openqa.selenium.support.events.EventFiringWebDriver$1.invoke(EventFiringWebDriver.java:82)
at jdk.proxy2/jdk.proxy2.$Proxy8.onException(Unknown Source)
at org.openqa.selenium.support.events.EventFiringWebDriver$2.invoke(EventFiringWebDriver.java:107)
at jdk.proxy2/jdk.proxy2.$Proxy9.getScreenshotAs(Unknown Source)
at org.openqa.selenium.support.events.EventFiringWebDriver.getScreenshotAs(EventFiringWebDriver.java:288)
at com.amazon.util.TestUtil.takeScreenshotAtEndOfTest(TestUtil.java:26)
at com.amazon.util.WebEventListener.onException(WebEventListener.java:58)
at jdk.internal.reflect.GeneratedMethodAccessor1.invoke(Unknown Source)
at java.base/jdk.internal.reflect.DelegatingMethodAccessorImpl.invoke(DelegatingMethodAccessorImpl.java:43)
at java.base/java.lang.reflect.Method.invoke(Method.java:568)
at org.openqa.selenium.support.events.EventFiringWebDriver$1.invoke(EventFiringWebDriver.java:82)
at jdk.proxy2/jdk.proxy2.$Proxy8.onException(Unknown Source)
at org.openqa.selenium.support.events.EventFiringWebDriver$2.invoke(EventFiringWebDriver.java:107)
at jdk.proxy2/jdk.proxy2.$Proxy9.getScreenshotAs(Unknown Source)
at org.openqa.selenium.support.events.EventFiringWebDriver.getScreenshotAs(EventFiringWebDriver.java:288)
at com.amazon.util.TestUtil.takeScreenshotAtEndOfTest(TestUtil.java:26)
at com.amazon.util.WebEventListener.onException(WebEventListener.java:58)
at jdk.internal.reflect.GeneratedMethodAccessor1.invoke(Unknown Source)
at java.base/jdk.internal.reflect.DelegatingMethodAccessorImpl.invoke(DelegatingMethodAccessorImpl.java:43)
at java.base/java.lang.reflect.Method.invoke(Method.java:568)
]]>
    </error>
  </testcase> <!-- tearDown -->
  <system-out/>
  <testcase classname="com.amazon.testcases.SearchPageTest" name="pagesearchTest" time="4.235"/>
  <system-out/>
</testsuite> <!-- com.amazon.testcases.SearchPageTest -->
